[0.005s] Invoking command in '/workspace/build/behavior_tree_example': AMENT_PREFIX_PATH=/workspace/install/behavior_tree:/workspace/install/behavior_tree_msgs:${AMENT_PREFIX_PATH} CMAKE_PREFIX_PATH=/workspace/install/behavior_tree:/workspace/install/behavior_tree_msgs:/workspace/install/behavior_tree_example:/workspace/install/rqt_behavior_tree:/opt/ros/humble LD_LIBRARY_PATH=/workspace/install/behavior_tree/lib:${LD_LIBRARY_PATH} PYTHONPATH=/workspace/install/behavior_tree_msgs/local/lib/python3.10/dist-packages:${PYTHONPATH} /usr/bin/cmake /workspace/src/behavior_tree_example -DAMENT_CMAKE_SYMLINK_INSTALL=1 -DCMAKE_INSTALL_PREFIX=/workspace/install/behavior_tree_example
[0.040s] -- The C compiler identification is GNU 11.4.0
[0.076s] -- The CXX compiler identification is GNU 11.4.0
[0.080s] -- Detecting C compiler ABI info
[0.145s] -- Detecting C compiler ABI info - done
[0.150s] -- Check for working C compiler: /usr/bin/cc - skipped
[0.150s] -- Detecting C compile features
[0.150s] -- Detecting C compile features - done
[0.152s] -- Detecting CXX compiler ABI info
[0.215s] -- Detecting CXX compiler ABI info - done
[0.219s] -- Check for working CXX compiler: /usr/bin/c++ - skipped
[0.219s] -- Detecting CXX compile features
[0.219s] -- Detecting CXX compile features - done
[0.221s] -- Found ament_cmake: 1.3.9 (/opt/ros/humble/share/ament_cmake/cmake)
[0.315s] -- Found Python3: /usr/bin/python3 (found version "3.10.12") found components: Interpreter 
[0.350s] -- Override CMake install command with custom implementation using symlinks instead of copying resources
[0.365s] -- Found rclcpp: 16.0.9 (/opt/ros/humble/share/rclcpp/cmake)
[0.388s] -- Found rosidl_generator_c: 3.1.5 (/opt/ros/humble/share/rosidl_generator_c/cmake)
[0.391s] -- Found rosidl_adapter: 3.1.5 (/opt/ros/humble/share/rosidl_adapter/cmake)
[0.395s] -- Found rosidl_generator_cpp: 3.1.5 (/opt/ros/humble/share/rosidl_generator_cpp/cmake)
[0.402s] -- Using all available rosidl_typesupport_c: rosidl_typesupport_fastrtps_c;rosidl_typesupport_introspection_c
[0.413s] -- Using all available rosidl_typesupport_cpp: rosidl_typesupport_fastrtps_cpp;rosidl_typesupport_introspection_cpp
[0.450s] -- Found rmw_implementation_cmake: 6.1.2 (/opt/ros/humble/share/rmw_implementation_cmake/cmake)
[0.451s] -- Found rmw_fastrtps_cpp: 6.2.6 (/opt/ros/humble/share/rmw_fastrtps_cpp/cmake)
[0.499s] -- Found OpenSSL: /usr/lib/x86_64-linux-gnu/libcrypto.so (found version "3.0.2")  
[0.516s] -- Found FastRTPS: /opt/ros/humble/include  
[0.542s] -- Using RMW implementation 'rmw_fastrtps_cpp' as default
[0.547s] -- Looking for pthread.h
[0.595s] -- Looking for pthread.h - found
[0.596s] -- Performing Test CMAKE_HAVE_LIBC_PTHREAD
[0.670s] -- Performing Test CMAKE_HAVE_LIBC_PTHREAD - Success
[0.671s] -- Found Threads: TRUE  
[0.770s] -- Found geometry_msgs: 4.2.4 (/opt/ros/humble/share/geometry_msgs/cmake)
[0.795s] -- Found visualization_msgs: 4.2.4 (/opt/ros/humble/share/visualization_msgs/cmake)
[0.913s] -- Found nav_msgs: 4.2.4 (/opt/ros/humble/share/nav_msgs/cmake)
[0.956s] -- Found behavior_tree_msgs: 0.0.0 (/workspace/install/behavior_tree_msgs/share/behavior_tree_msgs/cmake)
[0.976s] -- Found behavior_tree: 0.0.0 (/workspace/install/behavior_tree/share/behavior_tree/cmake)
[0.978s] -- Found tf2: 0.25.7 (/opt/ros/humble/share/tf2/cmake)
[0.990s] -- Found ament_lint_auto: 0.12.11 (/opt/ros/humble/share/ament_lint_auto/cmake)
[1.034s] -- Added test 'copyright' to check source files copyright and LICENSE
[1.035s] -- Added test 'cppcheck' to perform static code analysis on C / C++ code
[1.035s] -- Configured cppcheck include dirs: /workspace/src/behavior_tree_example/include
[1.035s] -- Configured cppcheck exclude dirs and/or files: 
[1.036s] -- Added test 'cpplint' to check C / C++ code against the Google style
[1.036s] -- Configured cpplint exclude dirs and/or files: 
[1.036s] -- Added test 'lint_cmake' to check CMake code style
[1.037s] -- Added test 'uncrustify' to check C / C++ code style
[1.037s] -- Configured uncrustify additional arguments: 
[1.037s] -- Added test 'xmllint' to check XML markup files
[1.037s] -- Configuring done
[1.045s] -- Generating done
[1.046s] -- Build files have been written to: /workspace/build/behavior_tree_example
[1.053s] Invoked command in '/workspace/build/behavior_tree_example' returned '0': AMENT_PREFIX_PATH=/workspace/install/behavior_tree:/workspace/install/behavior_tree_msgs:${AMENT_PREFIX_PATH} CMAKE_PREFIX_PATH=/workspace/install/behavior_tree:/workspace/install/behavior_tree_msgs:/workspace/install/behavior_tree_example:/workspace/install/rqt_behavior_tree:/opt/ros/humble LD_LIBRARY_PATH=/workspace/install/behavior_tree/lib:${LD_LIBRARY_PATH} PYTHONPATH=/workspace/install/behavior_tree_msgs/local/lib/python3.10/dist-packages:${PYTHONPATH} /usr/bin/cmake /workspace/src/behavior_tree_example -DAMENT_CMAKE_SYMLINK_INSTALL=1 -DCMAKE_INSTALL_PREFIX=/workspace/install/behavior_tree_example
[1.053s] Invoking command in '/workspace/build/behavior_tree_example': AMENT_PREFIX_PATH=/workspace/install/behavior_tree:/workspace/install/behavior_tree_msgs:${AMENT_PREFIX_PATH} CMAKE_PREFIX_PATH=/workspace/install/behavior_tree:/workspace/install/behavior_tree_msgs:/workspace/install/behavior_tree_example:/workspace/install/rqt_behavior_tree:/opt/ros/humble LD_LIBRARY_PATH=/workspace/install/behavior_tree/lib:${LD_LIBRARY_PATH} PYTHONPATH=/workspace/install/behavior_tree_msgs/local/lib/python3.10/dist-packages:${PYTHONPATH} /usr/bin/cmake --build /workspace/build/behavior_tree_example -- -j20 -l20
[1.079s] [ 25%] [32mBuilding CXX object CMakeFiles/behavior_tree_example.dir/src/behavior_tree_example.cpp.o[0m
[1.080s] [ 50%] [32mBuilding CXX object CMakeFiles/robot_node.dir/src/robot_node.cpp.o[0m
[4.445s] [ 75%] [32m[1mLinking CXX executable behavior_tree_example[0m
[4.733s] [ 75%] Built target behavior_tree_example
[6.144s] [100%] [32m[1mLinking CXX executable robot_node[0m
[6.412s] [100%] Built target robot_node
[6.418s] Invoked command in '/workspace/build/behavior_tree_example' returned '0': AMENT_PREFIX_PATH=/workspace/install/behavior_tree:/workspace/install/behavior_tree_msgs:${AMENT_PREFIX_PATH} CMAKE_PREFIX_PATH=/workspace/install/behavior_tree:/workspace/install/behavior_tree_msgs:/workspace/install/behavior_tree_example:/workspace/install/rqt_behavior_tree:/opt/ros/humble LD_LIBRARY_PATH=/workspace/install/behavior_tree/lib:${LD_LIBRARY_PATH} PYTHONPATH=/workspace/install/behavior_tree_msgs/local/lib/python3.10/dist-packages:${PYTHONPATH} /usr/bin/cmake --build /workspace/build/behavior_tree_example -- -j20 -l20
[6.429s] Invoking command in '/workspace/build/behavior_tree_example': AMENT_PREFIX_PATH=/workspace/install/behavior_tree:/workspace/install/behavior_tree_msgs:${AMENT_PREFIX_PATH} CMAKE_PREFIX_PATH=/workspace/install/behavior_tree:/workspace/install/behavior_tree_msgs:/workspace/install/behavior_tree_example:/workspace/install/rqt_behavior_tree:/opt/ros/humble LD_LIBRARY_PATH=/workspace/install/behavior_tree/lib:${LD_LIBRARY_PATH} PYTHONPATH=/workspace/install/behavior_tree_msgs/local/lib/python3.10/dist-packages:${PYTHONPATH} /usr/bin/cmake --install /workspace/build/behavior_tree_example
[6.432s] -- Install configuration: ""
[6.433s] -- Execute custom install script
[6.433s] -- Symlinking: /workspace/install/behavior_tree_example/share/behavior_tree_example//launch/behavior_tree_example.xml
[6.437s] -- Symlinking: /workspace/install/behavior_tree_example/share/behavior_tree_example//config/demo.tree
[6.440s] -- Symlinking: /workspace/install/behavior_tree_example/share/behavior_tree_example//config/demo_base.tree
[6.443s] -- Symlinking: /workspace/install/behavior_tree_example/share/behavior_tree_example//config/example.tree
[6.446s] -- Symlinking: /workspace/install/behavior_tree_example/share/behavior_tree_example//config/example2.tree
[6.449s] -- Symlinking: /workspace/install/behavior_tree_example/share/behavior_tree_example//config/example3.tree
[6.452s] -- Symlinking: /workspace/install/behavior_tree_example/share/behavior_tree_example//config/example3_nested_subtree.tree
[6.455s] -- Symlinking: /workspace/install/behavior_tree_example/share/behavior_tree_example//config/example3_subtree.tree
[6.458s] -- Symlinking: /workspace/install/behavior_tree_example/share/behavior_tree_example//config/ugv_tree.tree
[6.461s] -- Symlinking: /workspace/install/behavior_tree_example/share/behavior_tree_example//config/ugv_tree_basic.tree
[6.464s] -- Symlinking: /workspace/install/behavior_tree_example/share/behavior_tree_example//rviz/behavior_tree.perspective
[6.467s] -- Symlinking: /workspace/install/behavior_tree_example/share/behavior_tree_example//rviz/behavior_tree_example.rviz
[6.470s] -- Symlinking: /workspace/install/behavior_tree_example/lib/behavior_tree_example/behavior_tree_example
[6.473s] -- Symlinking: /workspace/install/behavior_tree_example/lib/behavior_tree_example/robot_node
[6.476s] -- Symlinking: /workspace/install/behavior_tree_example/share/ament_index/resource_index/package_run_dependencies/behavior_tree_example
[6.479s] -- Symlinking: /workspace/install/behavior_tree_example/share/ament_index/resource_index/parent_prefix_path/behavior_tree_example
[6.482s] -- Symlinking: /workspace/install/behavior_tree_example/share/behavior_tree_example/environment/ament_prefix_path.sh
[6.486s] -- Symlinking: /workspace/install/behavior_tree_example/share/behavior_tree_example/environment/ament_prefix_path.dsv
[6.490s] -- Symlinking: /workspace/install/behavior_tree_example/share/behavior_tree_example/environment/path.sh
[6.494s] -- Symlinking: /workspace/install/behavior_tree_example/share/behavior_tree_example/environment/path.dsv
[6.498s] -- Symlinking: /workspace/install/behavior_tree_example/share/behavior_tree_example/local_setup.bash
[6.501s] -- Symlinking: /workspace/install/behavior_tree_example/share/behavior_tree_example/local_setup.sh
[6.505s] -- Symlinking: /workspace/install/behavior_tree_example/share/behavior_tree_example/local_setup.zsh
[6.508s] -- Symlinking: /workspace/install/behavior_tree_example/share/behavior_tree_example/local_setup.dsv
[6.512s] -- Symlinking: /workspace/install/behavior_tree_example/share/behavior_tree_example/package.dsv
[6.516s] -- Symlinking: /workspace/install/behavior_tree_example/share/ament_index/resource_index/packages/behavior_tree_example
[6.519s] -- Symlinking: /workspace/install/behavior_tree_example/share/behavior_tree_example/cmake/behavior_tree_exampleConfig.cmake
[6.523s] -- Symlinking: /workspace/install/behavior_tree_example/share/behavior_tree_example/cmake/behavior_tree_exampleConfig-version.cmake
[6.527s] -- Symlinking: /workspace/install/behavior_tree_example/share/behavior_tree_example/package.xml
[6.534s] Invoked command in '/workspace/build/behavior_tree_example' returned '0': AMENT_PREFIX_PATH=/workspace/install/behavior_tree:/workspace/install/behavior_tree_msgs:${AMENT_PREFIX_PATH} CMAKE_PREFIX_PATH=/workspace/install/behavior_tree:/workspace/install/behavior_tree_msgs:/workspace/install/behavior_tree_example:/workspace/install/rqt_behavior_tree:/opt/ros/humble LD_LIBRARY_PATH=/workspace/install/behavior_tree/lib:${LD_LIBRARY_PATH} PYTHONPATH=/workspace/install/behavior_tree_msgs/local/lib/python3.10/dist-packages:${PYTHONPATH} /usr/bin/cmake --install /workspace/build/behavior_tree_example
