[0.071s] DEBUG:colcon:Command line arguments: ['/usr/bin/colcon', 'build', '--symlink-install']
[0.071s] DEBUG:colcon:Parsed command line arguments: Namespace(log_base=None, log_level=None, verb_name='build', build_base='build', install_base='install', merge_install=False, symlink_install=True, test_result_base=None, continue_on_error=False, executor='parallel', parallel_workers=20, event_handlers=None, ignore_user_meta=False, metas=['./colcon.meta'], base_paths=['.'], packages_ignore=None, packages_ignore_regex=None, paths=None, packages_up_to=None, packages_up_to_regex=None, packages_above=None, packages_above_and_dependencies=None, packages_above_depth=None, packages_select_by_dep=None, packages_skip_by_dep=None, packages_skip_up_to=None, packages_select_build_failed=False, packages_skip_build_finished=False, packages_select_test_failures=False, packages_skip_test_passed=False, packages_select=None, packages_skip=None, packages_select_regex=None, packages_skip_regex=None, packages_start=None, packages_end=None, cmake_args=None, cmake_target=None, cmake_target_skip_unavailable=False, cmake_clean_cache=False, cmake_clean_first=False, cmake_force_configure=False, ament_cmake_args=None, catkin_cmake_args=None, catkin_skip_building_tests=False, mixin_files=None, mixin=None, verb_parser=<colcon_mixin.mixin.mixin_argument.MixinArgumentDecorator object at 0x7f6034f144f0>, verb_extension=<colcon_core.verb.build.BuildVerb object at 0x7f6034ef3f70>, main=<bound method BuildVerb.main of <colcon_core.verb.build.BuildVerb object at 0x7f6034ef3f70>>, mixin_verb=('build',))
[0.152s] Level 1:colcon.colcon_core.package_discovery:discover_packages(colcon_meta) check parameters
[0.152s] INFO:colcon.colcon_metadata.package_discovery.colcon_meta:Using configuration from '/root/.colcon/metadata/default/Gazebo.meta'
[0.152s] INFO:colcon.colcon_metadata.package_discovery.colcon_meta:Using configuration from '/root/.colcon/metadata/default/fastrtps.meta'
[0.152s] Level 1:colcon.colcon_core.package_discovery:discover_packages(recursive) check parameters
[0.152s] Level 1:colcon.colcon_core.package_discovery:discover_packages(ignore) check parameters
[0.152s] Level 1:colcon.colcon_core.package_discovery:discover_packages(path) check parameters
[0.152s] Level 1:colcon.colcon_core.package_discovery:discover_packages(colcon_meta) discover
[0.153s] Level 1:colcon.colcon_core.package_discovery:discover_packages(recursive) discover
[0.153s] INFO:colcon.colcon_core.package_discovery:Crawling recursively for packages in '/workspace'
[0.153s] Level 1:colcon.colcon_core.package_identification:_identify(.) by extensions ['ignore', 'ignore_ament_install']
[0.153s] Level 1:colcon.colcon_core.package_identification:_identify(.) by extension 'ignore'
[0.153s] Level 1:colcon.colcon_core.package_identification:_identify(.) by extension 'ignore_ament_install'
[0.153s] Level 1:colcon.colcon_core.package_identification:_identify(.) by extensions ['colcon_pkg']
[0.153s] Level 1:colcon.colcon_core.package_identification:_identify(.) by extension 'colcon_pkg'
[0.153s] Level 1:colcon.colcon_core.package_identification:_identify(.) by extensions ['colcon_meta']
[0.153s] Level 1:colcon.colcon_core.package_identification:_identify(.) by extension 'colcon_meta'
[0.153s] Level 1:colcon.colcon_core.package_identification:_identify(.) by extensions ['ros']
[0.153s] Level 1:colcon.colcon_core.package_identification:_identify(.) by extension 'ros'
[0.158s] Level 1:colcon.colcon_core.package_identification:_identify(.) by extensions ['cmake', 'python']
[0.158s] Level 1:colcon.colcon_core.package_identification:_identify(.) by extension 'cmake'
[0.158s] Level 1:colcon.colcon_core.package_identification:_identify(.) by extension 'python'
[0.158s] Level 1:colcon.colcon_core.package_identification:_identify(.) by extensions ['python_setup_py']
[0.158s] Level 1:colcon.colcon_core.package_identification:_identify(.) by extension 'python_setup_py'
[0.158s] Level 1:colcon.colcon_core.package_identification:_identify(build) by extensions ['ignore', 'ignore_ament_install']
[0.159s] Level 1:colcon.colcon_core.package_identification:_identify(build) by extension 'ignore'
[0.159s] Level 1:colcon.colcon_core.package_identification:_identify(build) ignored
[0.159s] Level 1:colcon.colcon_core.package_identification:_identify(install) by extensions ['ignore', 'ignore_ament_install']
[0.159s] Level 1:colcon.colcon_core.package_identification:_identify(install) by extension 'ignore'
[0.159s] Level 1:colcon.colcon_core.package_identification:_identify(install) ignored
[0.159s] Level 1:colcon.colcon_core.package_identification:_identify(log) by extensions ['ignore', 'ignore_ament_install']
[0.159s] Level 1:colcon.colcon_core.package_identification:_identify(log) by extension 'ignore'
[0.159s] Level 1:colcon.colcon_core.package_identification:_identify(log) ignored
[0.159s] Level 1:colcon.colcon_core.package_identification:_identify(src) by extensions ['ignore', 'ignore_ament_install']
[0.159s] Level 1:colcon.colcon_core.package_identification:_identify(src) by extension 'ignore'
[0.159s] Level 1:colcon.colcon_core.package_identification:_identify(src) by extension 'ignore_ament_install'
[0.159s] Level 1:colcon.colcon_core.package_identification:_identify(src) by extensions ['colcon_pkg']
[0.159s] Level 1:colcon.colcon_core.package_identification:_identify(src) by extension 'colcon_pkg'
[0.159s] Level 1:colcon.colcon_core.package_identification:_identify(src) by extensions ['colcon_meta']
[0.159s] Level 1:colcon.colcon_core.package_identification:_identify(src) by extension 'colcon_meta'
[0.159s] Level 1:colcon.colcon_core.package_identification:_identify(src) by extensions ['ros']
[0.159s] Level 1:colcon.colcon_core.package_identification:_identify(src) by extension 'ros'
[0.159s] Level 1:colcon.colcon_core.package_identification:_identify(src) by extensions ['cmake', 'python']
[0.159s] Level 1:colcon.colcon_core.package_identification:_identify(src) by extension 'cmake'
[0.159s] Level 1:colcon.colcon_core.package_identification:_identify(src) by extension 'python'
[0.159s] Level 1:colcon.colcon_core.package_identification:_identify(src) by extensions ['python_setup_py']
[0.159s] Level 1:colcon.colcon_core.package_identification:_identify(src) by extension 'python_setup_py'
[0.159s] Level 1:colcon.colcon_core.package_identification:_identify(src/behavior_tree) by extensions ['ignore', 'ignore_ament_install']
[0.159s] Level 1:colcon.colcon_core.package_identification:_identify(src/behavior_tree) by extension 'ignore'
[0.159s] Level 1:colcon.colcon_core.package_identification:_identify(src/behavior_tree) by extension 'ignore_ament_install'
[0.159s] Level 1:colcon.colcon_core.package_identification:_identify(src/behavior_tree) by extensions ['colcon_pkg']
[0.159s] Level 1:colcon.colcon_core.package_identification:_identify(src/behavior_tree) by extension 'colcon_pkg'
[0.159s] Level 1:colcon.colcon_core.package_identification:_identify(src/behavior_tree) by extensions ['colcon_meta']
[0.159s] Level 1:colcon.colcon_core.package_identification:_identify(src/behavior_tree) by extension 'colcon_meta'
[0.159s] Level 1:colcon.colcon_core.package_identification:_identify(src/behavior_tree) by extensions ['ros']
[0.159s] Level 1:colcon.colcon_core.package_identification:_identify(src/behavior_tree) by extension 'ros'
[0.161s] DEBUG:colcon.colcon_core.package_identification:Package 'src/behavior_tree' with type 'ros.ament_cmake' and name 'behavior_tree'
[0.161s] Level 1:colcon.colcon_core.package_identification:_identify(src/behavior_tree_example) by extensions ['ignore', 'ignore_ament_install']
[0.161s] Level 1:colcon.colcon_core.package_identification:_identify(src/behavior_tree_example) by extension 'ignore'
[0.161s] Level 1:colcon.colcon_core.package_identification:_identify(src/behavior_tree_example) by extension 'ignore_ament_install'
[0.161s] Level 1:colcon.colcon_core.package_identification:_identify(src/behavior_tree_example) by extensions ['colcon_pkg']
[0.161s] Level 1:colcon.colcon_core.package_identification:_identify(src/behavior_tree_example) by extension 'colcon_pkg'
[0.161s] Level 1:colcon.colcon_core.package_identification:_identify(src/behavior_tree_example) by extensions ['colcon_meta']
[0.161s] Level 1:colcon.colcon_core.package_identification:_identify(src/behavior_tree_example) by extension 'colcon_meta'
[0.161s] Level 1:colcon.colcon_core.package_identification:_identify(src/behavior_tree_example) by extensions ['ros']
[0.161s] Level 1:colcon.colcon_core.package_identification:_identify(src/behavior_tree_example) by extension 'ros'
[0.161s] DEBUG:colcon.colcon_core.package_identification:Package 'src/behavior_tree_example' with type 'ros.ament_cmake' and name 'behavior_tree_example'
[0.161s] Level 1:colcon.colcon_core.package_identification:_identify(src/behavior_tree_msgs) by extensions ['ignore', 'ignore_ament_install']
[0.161s] Level 1:colcon.colcon_core.package_identification:_identify(src/behavior_tree_msgs) by extension 'ignore'
[0.161s] Level 1:colcon.colcon_core.package_identification:_identify(src/behavior_tree_msgs) by extension 'ignore_ament_install'
[0.161s] Level 1:colcon.colcon_core.package_identification:_identify(src/behavior_tree_msgs) by extensions ['colcon_pkg']
[0.161s] Level 1:colcon.colcon_core.package_identification:_identify(src/behavior_tree_msgs) by extension 'colcon_pkg'
[0.161s] Level 1:colcon.colcon_core.package_identification:_identify(src/behavior_tree_msgs) by extensions ['colcon_meta']
[0.161s] Level 1:colcon.colcon_core.package_identification:_identify(src/behavior_tree_msgs) by extension 'colcon_meta'
[0.161s] Level 1:colcon.colcon_core.package_identification:_identify(src/behavior_tree_msgs) by extensions ['ros']
[0.161s] Level 1:colcon.colcon_core.package_identification:_identify(src/behavior_tree_msgs) by extension 'ros'
[0.162s] DEBUG:colcon.colcon_core.package_identification:Package 'src/behavior_tree_msgs' with type 'ros.ament_cmake' and name 'behavior_tree_msgs'
[0.162s] Level 1:colcon.colcon_core.package_identification:_identify(src/rqt_behavior_tree) by extensions ['ignore', 'ignore_ament_install']
[0.162s] Level 1:colcon.colcon_core.package_identification:_identify(src/rqt_behavior_tree) by extension 'ignore'
[0.162s] Level 1:colcon.colcon_core.package_identification:_identify(src/rqt_behavior_tree) by extension 'ignore_ament_install'
[0.162s] Level 1:colcon.colcon_core.package_identification:_identify(src/rqt_behavior_tree) by extensions ['colcon_pkg']
[0.162s] Level 1:colcon.colcon_core.package_identification:_identify(src/rqt_behavior_tree) by extension 'colcon_pkg'
[0.162s] Level 1:colcon.colcon_core.package_identification:_identify(src/rqt_behavior_tree) by extensions ['colcon_meta']
[0.162s] Level 1:colcon.colcon_core.package_identification:_identify(src/rqt_behavior_tree) by extension 'colcon_meta'
[0.162s] Level 1:colcon.colcon_core.package_identification:_identify(src/rqt_behavior_tree) by extensions ['ros']
[0.162s] Level 1:colcon.colcon_core.package_identification:_identify(src/rqt_behavior_tree) by extension 'ros'
[0.162s] DEBUG:colcon.colcon_core.package_identification:Package 'src/rqt_behavior_tree' with type 'ros.ament_python' and name 'rqt_behavior_tree'
[0.162s] Level 1:colcon.colcon_core.package_discovery:discover_packages(recursive) using defaults
[0.162s] Level 1:colcon.colcon_core.package_discovery:discover_packages(ignore) discover
[0.162s] Level 1:colcon.colcon_core.package_discovery:discover_packages(ignore) using defaults
[0.162s] Level 1:colcon.colcon_core.package_discovery:discover_packages(path) discover
[0.162s] Level 1:colcon.colcon_core.package_discovery:discover_packages(path) using defaults
[0.176s] Level 5:colcon.colcon_core.verb:set package 'behavior_tree_msgs' build argument 'cmake_args' from command line to 'None'
[0.176s] Level 5:colcon.colcon_core.verb:set package 'behavior_tree_msgs' build argument 'cmake_target' from command line to 'None'
[0.176s] Level 5:colcon.colcon_core.verb:set package 'behavior_tree_msgs' build argument 'cmake_target_skip_unavailable' from command line to 'False'
[0.176s] Level 5:colcon.colcon_core.verb:set package 'behavior_tree_msgs' build argument 'cmake_clean_cache' from command line to 'False'
[0.176s] Level 5:colcon.colcon_core.verb:set package 'behavior_tree_msgs' build argument 'cmake_clean_first' from command line to 'False'
[0.176s] Level 5:colcon.colcon_core.verb:set package 'behavior_tree_msgs' build argument 'cmake_force_configure' from command line to 'False'
[0.176s] Level 5:colcon.colcon_core.verb:set package 'behavior_tree_msgs' build argument 'ament_cmake_args' from command line to 'None'
[0.176s] Level 5:colcon.colcon_core.verb:set package 'behavior_tree_msgs' build argument 'catkin_cmake_args' from command line to 'None'
[0.176s] Level 5:colcon.colcon_core.verb:set package 'behavior_tree_msgs' build argument 'catkin_skip_building_tests' from command line to 'False'
[0.176s] DEBUG:colcon.colcon_core.verb:Building package 'behavior_tree_msgs' with the following arguments: {'ament_cmake_args': None, 'build_base': '/workspace/build/behavior_tree_msgs', 'catkin_cmake_args': None, 'catkin_skip_building_tests': False, 'cmake_args': None, 'cmake_clean_cache': False, 'cmake_clean_first': False, 'cmake_force_configure': False, 'cmake_target': None, 'cmake_target_skip_unavailable': False, 'install_base': '/workspace/install/behavior_tree_msgs', 'merge_install': False, 'path': '/workspace/src/behavior_tree_msgs', 'symlink_install': True, 'test_result_base': None}
[0.176s] Level 5:colcon.colcon_core.verb:set package 'rqt_behavior_tree' build argument 'cmake_args' from command line to 'None'
[0.176s] Level 5:colcon.colcon_core.verb:set package 'rqt_behavior_tree' build argument 'cmake_target' from command line to 'None'
[0.176s] Level 5:colcon.colcon_core.verb:set package 'rqt_behavior_tree' build argument 'cmake_target_skip_unavailable' from command line to 'False'
[0.176s] Level 5:colcon.colcon_core.verb:set package 'rqt_behavior_tree' build argument 'cmake_clean_cache' from command line to 'False'
[0.176s] Level 5:colcon.colcon_core.verb:set package 'rqt_behavior_tree' build argument 'cmake_clean_first' from command line to 'False'
[0.176s] Level 5:colcon.colcon_core.verb:set package 'rqt_behavior_tree' build argument 'cmake_force_configure' from command line to 'False'
[0.176s] Level 5:colcon.colcon_core.verb:set package 'rqt_behavior_tree' build argument 'ament_cmake_args' from command line to 'None'
[0.176s] Level 5:colcon.colcon_core.verb:set package 'rqt_behavior_tree' build argument 'catkin_cmake_args' from command line to 'None'
[0.176s] Level 5:colcon.colcon_core.verb:set package 'rqt_behavior_tree' build argument 'catkin_skip_building_tests' from command line to 'False'
[0.176s] DEBUG:colcon.colcon_core.verb:Building package 'rqt_behavior_tree' with the following arguments: {'ament_cmake_args': None, 'build_base': '/workspace/build/rqt_behavior_tree', 'catkin_cmake_args': None, 'catkin_skip_building_tests': False, 'cmake_args': None, 'cmake_clean_cache': False, 'cmake_clean_first': False, 'cmake_force_configure': False, 'cmake_target': None, 'cmake_target_skip_unavailable': False, 'install_base': '/workspace/install/rqt_behavior_tree', 'merge_install': False, 'path': '/workspace/src/rqt_behavior_tree', 'symlink_install': True, 'test_result_base': None}
[0.176s] Level 5:colcon.colcon_core.verb:set package 'behavior_tree' build argument 'cmake_args' from command line to 'None'
[0.176s] Level 5:colcon.colcon_core.verb:set package 'behavior_tree' build argument 'cmake_target' from command line to 'None'
[0.176s] Level 5:colcon.colcon_core.verb:set package 'behavior_tree' build argument 'cmake_target_skip_unavailable' from command line to 'False'
[0.176s] Level 5:colcon.colcon_core.verb:set package 'behavior_tree' build argument 'cmake_clean_cache' from command line to 'False'
[0.176s] Level 5:colcon.colcon_core.verb:set package 'behavior_tree' build argument 'cmake_clean_first' from command line to 'False'
[0.176s] Level 5:colcon.colcon_core.verb:set package 'behavior_tree' build argument 'cmake_force_configure' from command line to 'False'
[0.176s] Level 5:colcon.colcon_core.verb:set package 'behavior_tree' build argument 'ament_cmake_args' from command line to 'None'
[0.176s] Level 5:colcon.colcon_core.verb:set package 'behavior_tree' build argument 'catkin_cmake_args' from command line to 'None'
[0.176s] Level 5:colcon.colcon_core.verb:set package 'behavior_tree' build argument 'catkin_skip_building_tests' from command line to 'False'
[0.176s] DEBUG:colcon.colcon_core.verb:Building package 'behavior_tree' with the following arguments: {'ament_cmake_args': None, 'build_base': '/workspace/build/behavior_tree', 'catkin_cmake_args': None, 'catkin_skip_building_tests': False, 'cmake_args': None, 'cmake_clean_cache': False, 'cmake_clean_first': False, 'cmake_force_configure': False, 'cmake_target': None, 'cmake_target_skip_unavailable': False, 'install_base': '/workspace/install/behavior_tree', 'merge_install': False, 'path': '/workspace/src/behavior_tree', 'symlink_install': True, 'test_result_base': None}
[0.176s] Level 5:colcon.colcon_core.verb:set package 'behavior_tree_example' build argument 'cmake_args' from command line to 'None'
[0.176s] Level 5:colcon.colcon_core.verb:set package 'behavior_tree_example' build argument 'cmake_target' from command line to 'None'
[0.176s] Level 5:colcon.colcon_core.verb:set package 'behavior_tree_example' build argument 'cmake_target_skip_unavailable' from command line to 'False'
[0.176s] Level 5:colcon.colcon_core.verb:set package 'behavior_tree_example' build argument 'cmake_clean_cache' from command line to 'False'
[0.176s] Level 5:colcon.colcon_core.verb:set package 'behavior_tree_example' build argument 'cmake_clean_first' from command line to 'False'
[0.176s] Level 5:colcon.colcon_core.verb:set package 'behavior_tree_example' build argument 'cmake_force_configure' from command line to 'False'
[0.176s] Level 5:colcon.colcon_core.verb:set package 'behavior_tree_example' build argument 'ament_cmake_args' from command line to 'None'
[0.176s] Level 5:colcon.colcon_core.verb:set package 'behavior_tree_example' build argument 'catkin_cmake_args' from command line to 'None'
[0.176s] Level 5:colcon.colcon_core.verb:set package 'behavior_tree_example' build argument 'catkin_skip_building_tests' from command line to 'False'
[0.176s] DEBUG:colcon.colcon_core.verb:Building package 'behavior_tree_example' with the following arguments: {'ament_cmake_args': None, 'build_base': '/workspace/build/behavior_tree_example', 'catkin_cmake_args': None, 'catkin_skip_building_tests': False, 'cmake_args': None, 'cmake_clean_cache': False, 'cmake_clean_first': False, 'cmake_force_configure': False, 'cmake_target': None, 'cmake_target_skip_unavailable': False, 'install_base': '/workspace/install/behavior_tree_example', 'merge_install': False, 'path': '/workspace/src/behavior_tree_example', 'symlink_install': True, 'test_result_base': None}
[0.176s] INFO:colcon.colcon_core.executor:Executing jobs using 'parallel' executor
[0.177s] DEBUG:colcon.colcon_parallel_executor.executor.parallel:run_until_complete
[0.177s] INFO:colcon.colcon_ros.task.ament_cmake.build:Building ROS package in '/workspace/src/behavior_tree_msgs' with build type 'ament_cmake'
[0.177s] INFO:colcon.colcon_cmake.task.cmake.build:Building CMake package in '/workspace/src/behavior_tree_msgs'
[0.179s] INFO:colcon.colcon_core.plugin_system:Skipping extension 'colcon_core.shell.bat': Not used on non-Windows systems
[0.179s] INFO:colcon.colcon_core.shell:Skip shell extension 'powershell' for command environment: Not usable outside of PowerShell
[0.179s] DEBUG:colcon.colcon_core.shell:Skip shell extension 'dsv' for command environment
[0.180s] WARNING:colcon.colcon_ros.prefix_path.ament:The path '/workspace/install/rqt_behavior_tree' in the environment variable AMENT_PREFIX_PATH doesn't exist
[0.180s] WARNING:colcon.colcon_ros.prefix_path.catkin:The path '/workspace/install/behavior_tree_example' in the environment variable CMAKE_PREFIX_PATH doesn't exist
[0.180s] WARNING:colcon.colcon_ros.prefix_path.catkin:The path '/workspace/install/behavior_tree' in the environment variable CMAKE_PREFIX_PATH doesn't exist
[0.180s] WARNING:colcon.colcon_ros.prefix_path.catkin:The path '/workspace/install/behavior_tree_msgs' in the environment variable CMAKE_PREFIX_PATH doesn't exist
[0.182s] INFO:colcon.colcon_ros.task.ament_python.build:Building ROS package in '/workspace/src/rqt_behavior_tree' with build type 'ament_python'
[0.182s] Level 1:colcon.colcon_core.shell:create_environment_hook('rqt_behavior_tree', 'ament_prefix_path')
[0.182s] INFO:colcon.colcon_core.shell:Creating environment hook '/workspace/install/rqt_behavior_tree/share/rqt_behavior_tree/hook/ament_prefix_path.ps1'
[0.182s] INFO:colcon.colcon_core.shell:Creating environment descriptor '/workspace/install/rqt_behavior_tree/share/rqt_behavior_tree/hook/ament_prefix_path.dsv'
[0.183s] INFO:colcon.colcon_core.shell:Creating environment hook '/workspace/install/rqt_behavior_tree/share/rqt_behavior_tree/hook/ament_prefix_path.sh'
[0.183s] INFO:colcon.colcon_core.shell:Skip shell extension 'powershell' for command environment: Not usable outside of PowerShell
[0.183s] DEBUG:colcon.colcon_core.shell:Skip shell extension 'dsv' for command environment
[0.186s] DEBUG:colcon.colcon_core.event_handler.log_command:Invoking command in '/workspace/build/behavior_tree_msgs': CMAKE_PREFIX_PATH=${CMAKE_PREFIX_PATH}:/workspace/install/rqt_behavior_tree:/opt/ros/humble /usr/bin/cmake /workspace/src/behavior_tree_msgs -DAMENT_CMAKE_SYMLINK_INSTALL=1 -DCMAKE_INSTALL_PREFIX=/workspace/install/behavior_tree_msgs
[0.296s] INFO:colcon.colcon_core.task.python.build:Building Python package in '/workspace/src/rqt_behavior_tree'
[0.296s] INFO:colcon.colcon_core.shell:Skip shell extension 'powershell' for command environment: Not usable outside of PowerShell
[0.296s] DEBUG:colcon.colcon_core.shell:Skip shell extension 'dsv' for command environment
[0.454s] DEBUG:colcon.colcon_core.event_handler.log_command:Invoking command in '/workspace/build/rqt_behavior_tree': PYTHONPATH=/workspace/build/rqt_behavior_tree/prefix_override:/usr/lib/python3/dist-packages/colcon_core/task/python/colcon_distutils_commands:/workspace/install/rqt_behavior_tree/lib/python3.10/site-packages:${PYTHONPATH} /usr/bin/python3 -W ignore:setup.py install is deprecated setup.py develop --editable --build-directory /workspace/build/rqt_behavior_tree/build --no-deps symlink_data
[0.627s] Level 1:colcon.colcon_core.shell:create_environment_hook('rqt_behavior_tree', 'pythonpath_develop')
[0.627s] INFO:colcon.colcon_core.shell:Creating environment hook '/workspace/build/rqt_behavior_tree/src/share/rqt_behavior_tree/hook/pythonpath_develop.ps1'
[0.627s] DEBUG:colcon.colcon_core.event_handler.log_command:Invoked command in '/workspace/build/rqt_behavior_tree' returned '0': PYTHONPATH=/workspace/build/rqt_behavior_tree/prefix_override:/usr/lib/python3/dist-packages/colcon_core/task/python/colcon_distutils_commands:/workspace/install/rqt_behavior_tree/lib/python3.10/site-packages:${PYTHONPATH} /usr/bin/python3 -W ignore:setup.py install is deprecated setup.py develop --editable --build-directory /workspace/build/rqt_behavior_tree/build --no-deps symlink_data
[0.628s] INFO:colcon.colcon_core.shell:Creating environment descriptor '/workspace/build/rqt_behavior_tree/src/share/rqt_behavior_tree/hook/pythonpath_develop.dsv'
[0.628s] INFO:colcon.colcon_core.shell:Creating environment hook '/workspace/build/rqt_behavior_tree/src/share/rqt_behavior_tree/hook/pythonpath_develop.sh'
[0.630s] Level 1:colcon.colcon_core.environment:checking '/workspace/install/rqt_behavior_tree' for CMake module files
[0.630s] Level 1:colcon.colcon_core.environment:checking '/workspace/install/rqt_behavior_tree' for CMake config files
[0.630s] Level 1:colcon.colcon_core.environment:checking '/workspace/install/rqt_behavior_tree/lib'
[0.630s] Level 1:colcon.colcon_core.environment:checking '/workspace/install/rqt_behavior_tree/bin'
[0.630s] Level 1:colcon.colcon_core.environment:checking '/workspace/install/rqt_behavior_tree/lib/pkgconfig/rqt_behavior_tree.pc'
[0.631s] Level 1:colcon.colcon_core.environment:checking '/workspace/install/rqt_behavior_tree/lib/python3.10/site-packages'
[0.631s] Level 1:colcon.colcon_core.shell:create_environment_hook('rqt_behavior_tree', 'pythonpath')
[0.631s] INFO:colcon.colcon_core.shell:Creating environment hook '/workspace/install/rqt_behavior_tree/share/rqt_behavior_tree/hook/pythonpath.ps1'
[0.631s] INFO:colcon.colcon_core.shell:Creating environment descriptor '/workspace/install/rqt_behavior_tree/share/rqt_behavior_tree/hook/pythonpath.dsv'
[0.631s] INFO:colcon.colcon_core.shell:Creating environment hook '/workspace/install/rqt_behavior_tree/share/rqt_behavior_tree/hook/pythonpath.sh'
[0.631s] Level 1:colcon.colcon_core.environment:checking '/workspace/install/rqt_behavior_tree/bin'
[0.631s] Level 1:colcon.colcon_core.environment:create_environment_scripts_only(rqt_behavior_tree)
[0.631s] INFO:colcon.colcon_core.shell:Creating package script '/workspace/install/rqt_behavior_tree/share/rqt_behavior_tree/package.ps1'
[0.632s] INFO:colcon.colcon_core.shell:Creating package descriptor '/workspace/install/rqt_behavior_tree/share/rqt_behavior_tree/package.dsv'
[0.632s] INFO:colcon.colcon_core.shell:Creating package script '/workspace/install/rqt_behavior_tree/share/rqt_behavior_tree/package.sh'
[0.633s] INFO:colcon.colcon_core.shell:Creating package script '/workspace/install/rqt_behavior_tree/share/rqt_behavior_tree/package.bash'
[0.633s] INFO:colcon.colcon_core.shell:Creating package script '/workspace/install/rqt_behavior_tree/share/rqt_behavior_tree/package.zsh'
[0.633s] Level 1:colcon.colcon_core.environment:create_file_with_runtime_dependencies(/workspace/install/rqt_behavior_tree/share/colcon-core/packages/rqt_behavior_tree)
[1.151s] DEBUG:colcon.colcon_core.event_handler.log_command:Invoked command in '/workspace/build/behavior_tree_msgs' returned '0': CMAKE_PREFIX_PATH=${CMAKE_PREFIX_PATH}:/workspace/install/rqt_behavior_tree:/opt/ros/humble /usr/bin/cmake /workspace/src/behavior_tree_msgs -DAMENT_CMAKE_SYMLINK_INSTALL=1 -DCMAKE_INSTALL_PREFIX=/workspace/install/behavior_tree_msgs
[1.151s] DEBUG:colcon.colcon_core.event_handler.log_command:Invoking command in '/workspace/build/behavior_tree_msgs': CMAKE_PREFIX_PATH=${CMAKE_PREFIX_PATH}:/workspace/install/rqt_behavior_tree:/opt/ros/humble /usr/bin/cmake --build /workspace/build/behavior_tree_msgs -- -j20 -l20
[2.379s] DEBUG:colcon.colcon_core.event_handler.log_command:Invoked command in '/workspace/build/behavior_tree_msgs' returned '0': CMAKE_PREFIX_PATH=${CMAKE_PREFIX_PATH}:/workspace/install/rqt_behavior_tree:/opt/ros/humble /usr/bin/cmake --build /workspace/build/behavior_tree_msgs -- -j20 -l20
[2.424s] DEBUG:colcon.colcon_core.event_handler.log_command:Invoking command in '/workspace/build/behavior_tree_msgs': CMAKE_PREFIX_PATH=${CMAKE_PREFIX_PATH}:/workspace/install/rqt_behavior_tree:/opt/ros/humble /usr/bin/cmake --install /workspace/build/behavior_tree_msgs
[3.028s] Level 1:colcon.colcon_core.environment:create_environment_scripts_only(behavior_tree_msgs)
[3.029s] Level 1:colcon.colcon_core.environment:checking '/workspace/install/behavior_tree_msgs' for CMake module files
[3.029s] DEBUG:colcon.colcon_core.event_handler.log_command:Invoked command in '/workspace/build/behavior_tree_msgs' returned '0': CMAKE_PREFIX_PATH=${CMAKE_PREFIX_PATH}:/workspace/install/rqt_behavior_tree:/opt/ros/humble /usr/bin/cmake --install /workspace/build/behavior_tree_msgs
[3.029s] Level 1:colcon.colcon_core.environment:checking '/workspace/install/behavior_tree_msgs' for CMake config files
[3.029s] Level 1:colcon.colcon_core.shell:create_environment_hook('behavior_tree_msgs', 'cmake_prefix_path')
[3.029s] INFO:colcon.colcon_core.shell:Creating environment hook '/workspace/install/behavior_tree_msgs/share/behavior_tree_msgs/hook/cmake_prefix_path.ps1'
[3.029s] INFO:colcon.colcon_core.shell:Creating environment descriptor '/workspace/install/behavior_tree_msgs/share/behavior_tree_msgs/hook/cmake_prefix_path.dsv'
[3.029s] INFO:colcon.colcon_core.shell:Creating environment hook '/workspace/install/behavior_tree_msgs/share/behavior_tree_msgs/hook/cmake_prefix_path.sh'
[3.030s] Level 1:colcon.colcon_core.environment:checking '/workspace/install/behavior_tree_msgs/lib'
[3.030s] Level 1:colcon.colcon_core.shell:create_environment_hook('behavior_tree_msgs', 'ld_library_path_lib')
[3.030s] INFO:colcon.colcon_core.shell:Creating environment hook '/workspace/install/behavior_tree_msgs/share/behavior_tree_msgs/hook/ld_library_path_lib.ps1'
[3.030s] INFO:colcon.colcon_core.shell:Creating environment descriptor '/workspace/install/behavior_tree_msgs/share/behavior_tree_msgs/hook/ld_library_path_lib.dsv'
[3.030s] INFO:colcon.colcon_core.shell:Creating environment hook '/workspace/install/behavior_tree_msgs/share/behavior_tree_msgs/hook/ld_library_path_lib.sh'
[3.030s] Level 1:colcon.colcon_core.environment:checking '/workspace/install/behavior_tree_msgs/bin'
[3.030s] Level 1:colcon.colcon_core.environment:checking '/workspace/install/behavior_tree_msgs/lib/pkgconfig/behavior_tree_msgs.pc'
[3.030s] Level 1:colcon.colcon_core.environment:checking '/workspace/install/behavior_tree_msgs/lib/python3.10/site-packages'
[3.031s] Level 1:colcon.colcon_core.environment:checking '/workspace/install/behavior_tree_msgs/bin'
[3.031s] INFO:colcon.colcon_core.shell:Creating package script '/workspace/install/behavior_tree_msgs/share/behavior_tree_msgs/package.ps1'
[3.031s] INFO:colcon.colcon_core.shell:Creating package descriptor '/workspace/install/behavior_tree_msgs/share/behavior_tree_msgs/package.dsv'
[3.031s] INFO:colcon.colcon_core.shell:Creating package script '/workspace/install/behavior_tree_msgs/share/behavior_tree_msgs/package.sh'
[3.031s] INFO:colcon.colcon_core.shell:Creating package script '/workspace/install/behavior_tree_msgs/share/behavior_tree_msgs/package.bash'
[3.031s] INFO:colcon.colcon_core.shell:Creating package script '/workspace/install/behavior_tree_msgs/share/behavior_tree_msgs/package.zsh'
[3.031s] Level 1:colcon.colcon_core.environment:create_file_with_runtime_dependencies(/workspace/install/behavior_tree_msgs/share/colcon-core/packages/behavior_tree_msgs)
[3.168s] Level 1:colcon.colcon_core.environment:create_environment_scripts_only(behavior_tree_msgs)
[3.168s] Level 1:colcon.colcon_core.environment:checking '/workspace/install/behavior_tree_msgs' for CMake module files
[3.169s] Level 1:colcon.colcon_core.environment:checking '/workspace/install/behavior_tree_msgs' for CMake config files
[3.170s] Level 1:colcon.colcon_core.shell:create_environment_hook('behavior_tree_msgs', 'cmake_prefix_path')
[3.170s] INFO:colcon.colcon_core.shell:Creating environment hook '/workspace/install/behavior_tree_msgs/share/behavior_tree_msgs/hook/cmake_prefix_path.ps1'
[3.171s] INFO:colcon.colcon_core.shell:Creating environment descriptor '/workspace/install/behavior_tree_msgs/share/behavior_tree_msgs/hook/cmake_prefix_path.dsv'
[3.171s] INFO:colcon.colcon_core.shell:Creating environment hook '/workspace/install/behavior_tree_msgs/share/behavior_tree_msgs/hook/cmake_prefix_path.sh'
[3.172s] Level 1:colcon.colcon_core.environment:checking '/workspace/install/behavior_tree_msgs/lib'
[3.172s] Level 1:colcon.colcon_core.shell:create_environment_hook('behavior_tree_msgs', 'ld_library_path_lib')
[3.173s] INFO:colcon.colcon_core.shell:Creating environment hook '/workspace/install/behavior_tree_msgs/share/behavior_tree_msgs/hook/ld_library_path_lib.ps1'
[3.174s] INFO:colcon.colcon_core.shell:Creating environment descriptor '/workspace/install/behavior_tree_msgs/share/behavior_tree_msgs/hook/ld_library_path_lib.dsv'
[3.174s] INFO:colcon.colcon_core.shell:Creating environment hook '/workspace/install/behavior_tree_msgs/share/behavior_tree_msgs/hook/ld_library_path_lib.sh'
[3.175s] Level 1:colcon.colcon_core.environment:checking '/workspace/install/behavior_tree_msgs/bin'
[3.175s] Level 1:colcon.colcon_core.environment:checking '/workspace/install/behavior_tree_msgs/lib/pkgconfig/behavior_tree_msgs.pc'
[3.175s] Level 1:colcon.colcon_core.environment:checking '/workspace/install/behavior_tree_msgs/lib/python3.10/site-packages'
[3.176s] Level 1:colcon.colcon_core.environment:checking '/workspace/install/behavior_tree_msgs/bin'
[3.176s] INFO:colcon.colcon_core.shell:Creating package script '/workspace/install/behavior_tree_msgs/share/behavior_tree_msgs/package.ps1'
[3.177s] INFO:colcon.colcon_core.shell:Creating package descriptor '/workspace/install/behavior_tree_msgs/share/behavior_tree_msgs/package.dsv'
[3.178s] INFO:colcon.colcon_core.shell:Creating package script '/workspace/install/behavior_tree_msgs/share/behavior_tree_msgs/package.sh'
[3.178s] INFO:colcon.colcon_core.shell:Creating package script '/workspace/install/behavior_tree_msgs/share/behavior_tree_msgs/package.bash'
[3.179s] INFO:colcon.colcon_core.shell:Creating package script '/workspace/install/behavior_tree_msgs/share/behavior_tree_msgs/package.zsh'
[3.179s] Level 1:colcon.colcon_core.environment:create_file_with_runtime_dependencies(/workspace/install/behavior_tree_msgs/share/colcon-core/packages/behavior_tree_msgs)
[3.180s] INFO:colcon.colcon_ros.task.ament_cmake.build:Building ROS package in '/workspace/src/behavior_tree' with build type 'ament_cmake'
[3.180s] INFO:colcon.colcon_cmake.task.cmake.build:Building CMake package in '/workspace/src/behavior_tree'
[3.181s] INFO:colcon.colcon_core.shell:Skip shell extension 'powershell' for command environment: Not usable outside of PowerShell
[3.181s] DEBUG:colcon.colcon_core.shell:Skip shell extension 'dsv' for command environment
[3.195s] DEBUG:colcon.colcon_core.event_handler.log_command:Invoking command in '/workspace/build/behavior_tree': AMENT_PREFIX_PATH=/workspace/install/behavior_tree_msgs:${AMENT_PREFIX_PATH} CMAKE_PREFIX_PATH=/workspace/install/behavior_tree_msgs:/workspace/install/behavior_tree_example:/workspace/install/behavior_tree:/workspace/install/rqt_behavior_tree:/opt/ros/humble PYTHONPATH=/workspace/install/behavior_tree_msgs/local/lib/python3.10/dist-packages:${PYTHONPATH} /usr/bin/cmake /workspace/src/behavior_tree -DAMENT_CMAKE_SYMLINK_INSTALL=1 -DCMAKE_INSTALL_PREFIX=/workspace/install/behavior_tree
[4.136s] DEBUG:colcon.colcon_core.event_handler.log_command:Invoked command in '/workspace/build/behavior_tree' returned '0': AMENT_PREFIX_PATH=/workspace/install/behavior_tree_msgs:${AMENT_PREFIX_PATH} CMAKE_PREFIX_PATH=/workspace/install/behavior_tree_msgs:/workspace/install/behavior_tree_example:/workspace/install/behavior_tree:/workspace/install/rqt_behavior_tree:/opt/ros/humble PYTHONPATH=/workspace/install/behavior_tree_msgs/local/lib/python3.10/dist-packages:${PYTHONPATH} /usr/bin/cmake /workspace/src/behavior_tree -DAMENT_CMAKE_SYMLINK_INSTALL=1 -DCMAKE_INSTALL_PREFIX=/workspace/install/behavior_tree
[4.137s] DEBUG:colcon.colcon_core.event_handler.log_command:Invoking command in '/workspace/build/behavior_tree': AMENT_PREFIX_PATH=/workspace/install/behavior_tree_msgs:${AMENT_PREFIX_PATH} CMAKE_PREFIX_PATH=/workspace/install/behavior_tree_msgs:/workspace/install/behavior_tree_example:/workspace/install/behavior_tree:/workspace/install/rqt_behavior_tree:/opt/ros/humble PYTHONPATH=/workspace/install/behavior_tree_msgs/local/lib/python3.10/dist-packages:${PYTHONPATH} /usr/bin/cmake --build /workspace/build/behavior_tree -- -j20 -l20
[12.272s] DEBUG:colcon.colcon_core.event_handler.log_command:Invoked command in '/workspace/build/behavior_tree' returned '0': AMENT_PREFIX_PATH=/workspace/install/behavior_tree_msgs:${AMENT_PREFIX_PATH} CMAKE_PREFIX_PATH=/workspace/install/behavior_tree_msgs:/workspace/install/behavior_tree_example:/workspace/install/behavior_tree:/workspace/install/rqt_behavior_tree:/opt/ros/humble PYTHONPATH=/workspace/install/behavior_tree_msgs/local/lib/python3.10/dist-packages:${PYTHONPATH} /usr/bin/cmake --build /workspace/build/behavior_tree -- -j20 -l20
[12.283s] DEBUG:colcon.colcon_core.event_handler.log_command:Invoking command in '/workspace/build/behavior_tree': AMENT_PREFIX_PATH=/workspace/install/behavior_tree_msgs:${AMENT_PREFIX_PATH} CMAKE_PREFIX_PATH=/workspace/install/behavior_tree_msgs:/workspace/install/behavior_tree_example:/workspace/install/behavior_tree:/workspace/install/rqt_behavior_tree:/opt/ros/humble PYTHONPATH=/workspace/install/behavior_tree_msgs/local/lib/python3.10/dist-packages:${PYTHONPATH} /usr/bin/cmake --install /workspace/build/behavior_tree
[12.433s] Level 1:colcon.colcon_core.environment:create_environment_scripts_only(behavior_tree)
[12.434s] Level 1:colcon.colcon_core.environment:checking '/workspace/install/behavior_tree' for CMake module files
[12.434s] DEBUG:colcon.colcon_core.event_handler.log_command:Invoked command in '/workspace/build/behavior_tree' returned '0': AMENT_PREFIX_PATH=/workspace/install/behavior_tree_msgs:${AMENT_PREFIX_PATH} CMAKE_PREFIX_PATH=/workspace/install/behavior_tree_msgs:/workspace/install/behavior_tree_example:/workspace/install/behavior_tree:/workspace/install/rqt_behavior_tree:/opt/ros/humble PYTHONPATH=/workspace/install/behavior_tree_msgs/local/lib/python3.10/dist-packages:${PYTHONPATH} /usr/bin/cmake --install /workspace/build/behavior_tree
[12.435s] Level 1:colcon.colcon_core.environment:checking '/workspace/install/behavior_tree' for CMake config files
[12.435s] Level 1:colcon.colcon_core.shell:create_environment_hook('behavior_tree', 'cmake_prefix_path')
[12.436s] INFO:colcon.colcon_core.shell:Creating environment hook '/workspace/install/behavior_tree/share/behavior_tree/hook/cmake_prefix_path.ps1'
[12.436s] INFO:colcon.colcon_core.shell:Creating environment descriptor '/workspace/install/behavior_tree/share/behavior_tree/hook/cmake_prefix_path.dsv'
[12.436s] INFO:colcon.colcon_core.shell:Creating environment hook '/workspace/install/behavior_tree/share/behavior_tree/hook/cmake_prefix_path.sh'
[12.437s] Level 1:colcon.colcon_core.environment:checking '/workspace/install/behavior_tree/lib'
[12.437s] Level 1:colcon.colcon_core.environment:checking '/workspace/install/behavior_tree/bin'
[12.437s] Level 1:colcon.colcon_core.environment:checking '/workspace/install/behavior_tree/lib/pkgconfig/behavior_tree.pc'
[12.437s] Level 1:colcon.colcon_core.environment:checking '/workspace/install/behavior_tree/lib/python3.10/site-packages'
[12.437s] Level 1:colcon.colcon_core.environment:checking '/workspace/install/behavior_tree/bin'
[12.437s] INFO:colcon.colcon_core.shell:Creating package script '/workspace/install/behavior_tree/share/behavior_tree/package.ps1'
[12.437s] INFO:colcon.colcon_core.shell:Creating package descriptor '/workspace/install/behavior_tree/share/behavior_tree/package.dsv'
[12.437s] INFO:colcon.colcon_core.shell:Creating package script '/workspace/install/behavior_tree/share/behavior_tree/package.sh'
[12.438s] INFO:colcon.colcon_core.shell:Creating package script '/workspace/install/behavior_tree/share/behavior_tree/package.bash'
[12.438s] INFO:colcon.colcon_core.shell:Creating package script '/workspace/install/behavior_tree/share/behavior_tree/package.zsh'
[12.438s] Level 1:colcon.colcon_core.environment:create_file_with_runtime_dependencies(/workspace/install/behavior_tree/share/colcon-core/packages/behavior_tree)
[12.461s] Level 1:colcon.colcon_core.environment:create_environment_scripts_only(behavior_tree)
[12.461s] Level 1:colcon.colcon_core.environment:checking '/workspace/install/behavior_tree' for CMake module files
[12.462s] Level 1:colcon.colcon_core.environment:checking '/workspace/install/behavior_tree' for CMake config files
[12.462s] Level 1:colcon.colcon_core.shell:create_environment_hook('behavior_tree', 'cmake_prefix_path')
[12.462s] INFO:colcon.colcon_core.shell:Creating environment hook '/workspace/install/behavior_tree/share/behavior_tree/hook/cmake_prefix_path.ps1'
[12.462s] INFO:colcon.colcon_core.shell:Creating environment descriptor '/workspace/install/behavior_tree/share/behavior_tree/hook/cmake_prefix_path.dsv'
[12.462s] INFO:colcon.colcon_core.shell:Creating environment hook '/workspace/install/behavior_tree/share/behavior_tree/hook/cmake_prefix_path.sh'
[12.463s] Level 1:colcon.colcon_core.environment:checking '/workspace/install/behavior_tree/lib'
[12.463s] Level 1:colcon.colcon_core.environment:checking '/workspace/install/behavior_tree/bin'
[12.463s] Level 1:colcon.colcon_core.environment:checking '/workspace/install/behavior_tree/lib/pkgconfig/behavior_tree.pc'
[12.463s] Level 1:colcon.colcon_core.environment:checking '/workspace/install/behavior_tree/lib/python3.10/site-packages'
[12.463s] Level 1:colcon.colcon_core.environment:checking '/workspace/install/behavior_tree/bin'
[12.463s] INFO:colcon.colcon_core.shell:Creating package script '/workspace/install/behavior_tree/share/behavior_tree/package.ps1'
[12.463s] INFO:colcon.colcon_core.shell:Creating package descriptor '/workspace/install/behavior_tree/share/behavior_tree/package.dsv'
[12.464s] INFO:colcon.colcon_core.shell:Creating package script '/workspace/install/behavior_tree/share/behavior_tree/package.sh'
[12.464s] INFO:colcon.colcon_core.shell:Creating package script '/workspace/install/behavior_tree/share/behavior_tree/package.bash'
[12.464s] INFO:colcon.colcon_core.shell:Creating package script '/workspace/install/behavior_tree/share/behavior_tree/package.zsh'
[12.464s] Level 1:colcon.colcon_core.environment:create_file_with_runtime_dependencies(/workspace/install/behavior_tree/share/colcon-core/packages/behavior_tree)
[12.464s] INFO:colcon.colcon_ros.task.ament_cmake.build:Building ROS package in '/workspace/src/behavior_tree_example' with build type 'ament_cmake'
[12.464s] INFO:colcon.colcon_cmake.task.cmake.build:Building CMake package in '/workspace/src/behavior_tree_example'
[12.465s] INFO:colcon.colcon_core.shell:Skip shell extension 'powershell' for command environment: Not usable outside of PowerShell
[12.465s] DEBUG:colcon.colcon_core.shell:Skip shell extension 'dsv' for command environment
[12.470s] DEBUG:colcon.colcon_core.event_handler.log_command:Invoking command in '/workspace/build/behavior_tree_example': AMENT_PREFIX_PATH=/workspace/install/behavior_tree:/workspace/install/behavior_tree_msgs:${AMENT_PREFIX_PATH} CMAKE_PREFIX_PATH=/workspace/install/behavior_tree:/workspace/install/behavior_tree_msgs:/workspace/install/behavior_tree_example:/workspace/install/rqt_behavior_tree:/opt/ros/humble LD_LIBRARY_PATH=/workspace/install/behavior_tree/lib:${LD_LIBRARY_PATH} PYTHONPATH=/workspace/install/behavior_tree_msgs/local/lib/python3.10/dist-packages:${PYTHONPATH} /usr/bin/cmake /workspace/src/behavior_tree_example -DAMENT_CMAKE_SYMLINK_INSTALL=1 -DCMAKE_INSTALL_PREFIX=/workspace/install/behavior_tree_example
[13.518s] DEBUG:colcon.colcon_core.event_handler.log_command:Invoked command in '/workspace/build/behavior_tree_example' returned '0': AMENT_PREFIX_PATH=/workspace/install/behavior_tree:/workspace/install/behavior_tree_msgs:${AMENT_PREFIX_PATH} CMAKE_PREFIX_PATH=/workspace/install/behavior_tree:/workspace/install/behavior_tree_msgs:/workspace/install/behavior_tree_example:/workspace/install/rqt_behavior_tree:/opt/ros/humble LD_LIBRARY_PATH=/workspace/install/behavior_tree/lib:${LD_LIBRARY_PATH} PYTHONPATH=/workspace/install/behavior_tree_msgs/local/lib/python3.10/dist-packages:${PYTHONPATH} /usr/bin/cmake /workspace/src/behavior_tree_example -DAMENT_CMAKE_SYMLINK_INSTALL=1 -DCMAKE_INSTALL_PREFIX=/workspace/install/behavior_tree_example
[13.518s] DEBUG:colcon.colcon_core.event_handler.log_command:Invoking command in '/workspace/build/behavior_tree_example': AMENT_PREFIX_PATH=/workspace/install/behavior_tree:/workspace/install/behavior_tree_msgs:${AMENT_PREFIX_PATH} CMAKE_PREFIX_PATH=/workspace/install/behavior_tree:/workspace/install/behavior_tree_msgs:/workspace/install/behavior_tree_example:/workspace/install/rqt_behavior_tree:/opt/ros/humble LD_LIBRARY_PATH=/workspace/install/behavior_tree/lib:${LD_LIBRARY_PATH} PYTHONPATH=/workspace/install/behavior_tree_msgs/local/lib/python3.10/dist-packages:${PYTHONPATH} /usr/bin/cmake --build /workspace/build/behavior_tree_example -- -j20 -l20
[18.883s] DEBUG:colcon.colcon_core.event_handler.log_command:Invoked command in '/workspace/build/behavior_tree_example' returned '0': AMENT_PREFIX_PATH=/workspace/install/behavior_tree:/workspace/install/behavior_tree_msgs:${AMENT_PREFIX_PATH} CMAKE_PREFIX_PATH=/workspace/install/behavior_tree:/workspace/install/behavior_tree_msgs:/workspace/install/behavior_tree_example:/workspace/install/rqt_behavior_tree:/opt/ros/humble LD_LIBRARY_PATH=/workspace/install/behavior_tree/lib:${LD_LIBRARY_PATH} PYTHONPATH=/workspace/install/behavior_tree_msgs/local/lib/python3.10/dist-packages:${PYTHONPATH} /usr/bin/cmake --build /workspace/build/behavior_tree_example -- -j20 -l20
[18.894s] DEBUG:colcon.colcon_core.event_handler.log_command:Invoking command in '/workspace/build/behavior_tree_example': AMENT_PREFIX_PATH=/workspace/install/behavior_tree:/workspace/install/behavior_tree_msgs:${AMENT_PREFIX_PATH} CMAKE_PREFIX_PATH=/workspace/install/behavior_tree:/workspace/install/behavior_tree_msgs:/workspace/install/behavior_tree_example:/workspace/install/rqt_behavior_tree:/opt/ros/humble LD_LIBRARY_PATH=/workspace/install/behavior_tree/lib:${LD_LIBRARY_PATH} PYTHONPATH=/workspace/install/behavior_tree_msgs/local/lib/python3.10/dist-packages:${PYTHONPATH} /usr/bin/cmake --install /workspace/build/behavior_tree_example
[18.998s] Level 1:colcon.colcon_core.environment:create_environment_scripts_only(behavior_tree_example)
[18.999s] Level 1:colcon.colcon_core.environment:checking '/workspace/install/behavior_tree_example' for CMake module files
[18.999s] DEBUG:colcon.colcon_core.event_handler.log_command:Invoked command in '/workspace/build/behavior_tree_example' returned '0': AMENT_PREFIX_PATH=/workspace/install/behavior_tree:/workspace/install/behavior_tree_msgs:${AMENT_PREFIX_PATH} CMAKE_PREFIX_PATH=/workspace/install/behavior_tree:/workspace/install/behavior_tree_msgs:/workspace/install/behavior_tree_example:/workspace/install/rqt_behavior_tree:/opt/ros/humble LD_LIBRARY_PATH=/workspace/install/behavior_tree/lib:${LD_LIBRARY_PATH} PYTHONPATH=/workspace/install/behavior_tree_msgs/local/lib/python3.10/dist-packages:${PYTHONPATH} /usr/bin/cmake --install /workspace/build/behavior_tree_example
[18.999s] Level 1:colcon.colcon_core.environment:checking '/workspace/install/behavior_tree_example' for CMake config files
[18.999s] Level 1:colcon.colcon_core.shell:create_environment_hook('behavior_tree_example', 'cmake_prefix_path')
[19.000s] INFO:colcon.colcon_core.shell:Creating environment hook '/workspace/install/behavior_tree_example/share/behavior_tree_example/hook/cmake_prefix_path.ps1'
[19.000s] INFO:colcon.colcon_core.shell:Creating environment descriptor '/workspace/install/behavior_tree_example/share/behavior_tree_example/hook/cmake_prefix_path.dsv'
[19.000s] INFO:colcon.colcon_core.shell:Creating environment hook '/workspace/install/behavior_tree_example/share/behavior_tree_example/hook/cmake_prefix_path.sh'
[19.001s] Level 1:colcon.colcon_core.environment:checking '/workspace/install/behavior_tree_example/lib'
[19.001s] Level 1:colcon.colcon_core.environment:checking '/workspace/install/behavior_tree_example/bin'
[19.001s] Level 1:colcon.colcon_core.environment:checking '/workspace/install/behavior_tree_example/lib/pkgconfig/behavior_tree_example.pc'
[19.001s] Level 1:colcon.colcon_core.environment:checking '/workspace/install/behavior_tree_example/lib/python3.10/site-packages'
[19.001s] Level 1:colcon.colcon_core.environment:checking '/workspace/install/behavior_tree_example/bin'
[19.001s] INFO:colcon.colcon_core.shell:Creating package script '/workspace/install/behavior_tree_example/share/behavior_tree_example/package.ps1'
[19.002s] INFO:colcon.colcon_core.shell:Creating package descriptor '/workspace/install/behavior_tree_example/share/behavior_tree_example/package.dsv'
[19.002s] INFO:colcon.colcon_core.shell:Creating package script '/workspace/install/behavior_tree_example/share/behavior_tree_example/package.sh'
[19.002s] INFO:colcon.colcon_core.shell:Creating package script '/workspace/install/behavior_tree_example/share/behavior_tree_example/package.bash'
[19.002s] INFO:colcon.colcon_core.shell:Creating package script '/workspace/install/behavior_tree_example/share/behavior_tree_example/package.zsh'
[19.003s] Level 1:colcon.colcon_core.environment:create_file_with_runtime_dependencies(/workspace/install/behavior_tree_example/share/colcon-core/packages/behavior_tree_example)
[19.032s] Level 1:colcon.colcon_core.environment:create_environment_scripts_only(behavior_tree_example)
[19.032s] Level 1:colcon.colcon_core.environment:checking '/workspace/install/behavior_tree_example' for CMake module files
[19.033s] Level 1:colcon.colcon_core.environment:checking '/workspace/install/behavior_tree_example' for CMake config files
[19.033s] Level 1:colcon.colcon_core.shell:create_environment_hook('behavior_tree_example', 'cmake_prefix_path')
[19.034s] INFO:colcon.colcon_core.shell:Creating environment hook '/workspace/install/behavior_tree_example/share/behavior_tree_example/hook/cmake_prefix_path.ps1'
[19.034s] INFO:colcon.colcon_core.shell:Creating environment descriptor '/workspace/install/behavior_tree_example/share/behavior_tree_example/hook/cmake_prefix_path.dsv'
[19.035s] INFO:colcon.colcon_core.shell:Creating environment hook '/workspace/install/behavior_tree_example/share/behavior_tree_example/hook/cmake_prefix_path.sh'
[19.036s] Level 1:colcon.colcon_core.environment:checking '/workspace/install/behavior_tree_example/lib'
[19.036s] Level 1:colcon.colcon_core.environment:checking '/workspace/install/behavior_tree_example/bin'
[19.036s] Level 1:colcon.colcon_core.environment:checking '/workspace/install/behavior_tree_example/lib/pkgconfig/behavior_tree_example.pc'
[19.036s] Level 1:colcon.colcon_core.environment:checking '/workspace/install/behavior_tree_example/lib/python3.10/site-packages'
[19.037s] Level 1:colcon.colcon_core.environment:checking '/workspace/install/behavior_tree_example/bin'
[19.037s] INFO:colcon.colcon_core.shell:Creating package script '/workspace/install/behavior_tree_example/share/behavior_tree_example/package.ps1'
[19.038s] INFO:colcon.colcon_core.shell:Creating package descriptor '/workspace/install/behavior_tree_example/share/behavior_tree_example/package.dsv'
[19.039s] INFO:colcon.colcon_core.shell:Creating package script '/workspace/install/behavior_tree_example/share/behavior_tree_example/package.sh'
[19.039s] INFO:colcon.colcon_core.shell:Creating package script '/workspace/install/behavior_tree_example/share/behavior_tree_example/package.bash'
[19.039s] INFO:colcon.colcon_core.shell:Creating package script '/workspace/install/behavior_tree_example/share/behavior_tree_example/package.zsh'
[19.040s] Level 1:colcon.colcon_core.environment:create_file_with_runtime_dependencies(/workspace/install/behavior_tree_example/share/colcon-core/packages/behavior_tree_example)
[19.040s] DEBUG:colcon.colcon_parallel_executor.executor.parallel:closing loop
[19.041s] DEBUG:colcon.colcon_parallel_executor.executor.parallel:loop closed
[19.041s] DEBUG:colcon.colcon_parallel_executor.executor.parallel:run_until_complete finished with '0'
[19.041s] DEBUG:colcon.colcon_core.event_reactor:joining thread
[19.049s] INFO:colcon.colcon_core.plugin_system:Skipping extension 'colcon_notification.desktop_notification.notify_send': Could not find 'notify-send'
[19.050s] INFO:colcon.colcon_core.plugin_system:Skipping extension 'colcon_notification.desktop_notification.terminal_notifier': Not used on non-Darwin systems
[19.050s] INFO:colcon.colcon_core.plugin_system:Skipping extension 'colcon_notification.desktop_notification.win32': Not used on non-Windows systems
[19.050s] INFO:colcon.colcon_notification.desktop_notification:Sending desktop notification using 'notify2'
[19.052s] DEBUG:colcon.colcon_notification.desktop_notification.notify2:Failed to initialize notify2: org.freedesktop.DBus.Error.Spawn.ExecFailed: /usr/bin/dbus-launch terminated abnormally without any error message
[19.053s] DEBUG:colcon.colcon_core.event_reactor:joined thread
[19.054s] INFO:colcon.colcon_core.shell:Creating prefix script '/workspace/install/local_setup.ps1'
[19.055s] INFO:colcon.colcon_core.shell:Creating prefix util module '/workspace/install/_local_setup_util_ps1.py'
[19.057s] INFO:colcon.colcon_core.shell:Creating prefix chain script '/workspace/install/setup.ps1'
[19.058s] INFO:colcon.colcon_core.shell:Creating prefix script '/workspace/install/local_setup.sh'
[19.059s] INFO:colcon.colcon_core.shell:Creating prefix util module '/workspace/install/_local_setup_util_sh.py'
[19.060s] INFO:colcon.colcon_core.shell:Creating prefix chain script '/workspace/install/setup.sh'
[19.061s] INFO:colcon.colcon_core.shell:Creating prefix script '/workspace/install/local_setup.bash'
[19.062s] INFO:colcon.colcon_core.shell:Creating prefix chain script '/workspace/install/setup.bash'
[19.063s] INFO:colcon.colcon_core.shell:Creating prefix script '/workspace/install/local_setup.zsh'
[19.064s] INFO:colcon.colcon_core.shell:Creating prefix chain script '/workspace/install/setup.zsh'
