-- The C compiler identification is GNU 11.4.0
-- The CXX compiler identification is GNU 11.4.0
-- Detecting C compiler ABI info
-- Detecting C compiler ABI info - done
-- Check for working C compiler: /usr/bin/cc - skipped
-- Detecting C compile features
-- Detecting C compile features - done
-- Detecting CXX compiler ABI info
-- Detecting CXX compiler ABI info - done
-- Check for working CXX compiler: /usr/bin/c++ - skipped
-- Detecting CXX compile features
-- Detecting CXX compile features - done
-- Found ament_cmake: 1.3.9 (/opt/ros/humble/share/ament_cmake/cmake)
-- Found Python3: /usr/bin/python3 (found version "3.10.12") found components: Interpreter 
-- Override CMake install command with custom implementation using symlinks instead of copying resources
-- Found rclcpp: 16.0.9 (/opt/ros/humble/share/rclcpp/cmake)
-- Found rosidl_generator_c: 3.1.5 (/opt/ros/humble/share/rosidl_generator_c/cmake)
-- Found rosidl_adapter: 3.1.5 (/opt/ros/humble/share/rosidl_adapter/cmake)
-- Found rosidl_generator_cpp: 3.1.5 (/opt/ros/humble/share/rosidl_generator_cpp/cmake)
-- Using all available rosidl_typesupport_c: rosidl_typesupport_fastrtps_c;rosidl_typesupport_introspection_c
-- Using all available rosidl_typesupport_cpp: rosidl_typesupport_fastrtps_cpp;rosidl_typesupport_introspection_cpp
-- Found rmw_implementation_cmake: 6.1.2 (/opt/ros/humble/share/rmw_implementation_cmake/cmake)
-- Found rmw_fastrtps_cpp: 6.2.6 (/opt/ros/humble/share/rmw_fastrtps_cpp/cmake)
-- Found OpenSSL: /usr/lib/x86_64-linux-gnu/libcrypto.so (found version "3.0.2")  
-- Found FastRTPS: /opt/ros/humble/include  
-- Using RMW implementation 'rmw_fastrtps_cpp' as default
-- Looking for pthread.h
-- Looking for pthread.h - found
-- Performing Test CMAKE_HAVE_LIBC_PTHREAD
-- Performing Test CMAKE_HAVE_LIBC_PTHREAD - Success
-- Found Threads: TRUE  
-- Found behavior_tree_msgs: 0.0.0 (/workspace/install/behavior_tree_msgs/share/behavior_tree_msgs/cmake)
-- Found Boost: /usr/lib/x86_64-linux-gnu/cmake/Boost-1.74.0/BoostConfig.cmake (found version "1.74.0") found components: iostreams 
-- Found ament_lint_auto: 0.12.11 (/opt/ros/humble/share/ament_lint_auto/cmake)
-- Added test 'copyright' to check source files copyright and LICENSE
-- Added test 'cppcheck' to perform static code analysis on C / C++ code
-- Configured cppcheck include dirs: /workspace/src/behavior_tree/include
-- Configured cppcheck exclude dirs and/or files: 
-- Added test 'cpplint' to check C / C++ code against the Google style
-- Configured cpplint exclude dirs and/or files: 
-- Added test 'lint_cmake' to check CMake code style
-- Added test 'uncrustify' to check C / C++ code style
-- Configured uncrustify additional arguments: 
-- Added test 'xmllint' to check XML markup files
-- Configuring done
-- Generating done
-- Build files have been written to: /workspace/build/behavior_tree
[ 25%] [32mBuilding CXX object CMakeFiles/behavior_tree.dir/src/behavior_tree.cpp.o[0m
[ 50%] [32mBuilding CXX object CMakeFiles/behavior_tree_implementation.dir/src/behavior_tree_implementation.cpp.o[0m
[01m[K/workspace/src/behavior_tree/src/behavior_tree_implementation.cpp:[m[K In member function ‘[01m[Kvirtual bool FallbackNode::tick(bool, int)[m[K’:
[01m[K/workspace/src/behavior_tree/src/behavior_tree_implementation.cpp:39:22:[m[K [01;35m[Kwarning: [m[Kcomparison of integer expressions of different signedness: ‘[01m[Kint[m[K’ and ‘[01m[Kstd::vector<Node*>::size_type[m[K’ {aka ‘[01m[Klong unsigned int[m[K’} [[01;35m[K-Wsign-compare[m[K]
   39 |     for(int i = 0; [01;35m[Ki < children.size()[m[K; i++)
      |                    [01;35m[K~~^~~~~~~~~~~~~~~~~[m[K
[01m[K/workspace/src/behavior_tree/src/behavior_tree_implementation.cpp:44:22:[m[K [01;35m[Kwarning: [m[Kcomparison of integer expressions of different signedness: ‘[01m[Kint[m[K’ and ‘[01m[Kstd::vector<Node*>::size_type[m[K’ {aka ‘[01m[Klong unsigned int[m[K’} [[01;35m[K-Wsign-compare[m[K]
   44 |     for(int i = 0; [01;35m[Ki < children.size()[m[K; i++){
      |                    [01;35m[K~~^~~~~~~~~~~~~~~~~[m[K
[01m[K/workspace/src/behavior_tree/src/behavior_tree_implementation.cpp:[m[K In member function ‘[01m[Kvirtual bool SequenceNode::tick(bool, int)[m[K’:
[01m[K/workspace/src/behavior_tree/src/behavior_tree_implementation.cpp:75:22:[m[K [01;35m[Kwarning: [m[Kcomparison of integer expressions of different signedness: ‘[01m[Kint[m[K’ and ‘[01m[Kstd::vector<Node*>::size_type[m[K’ {aka ‘[01m[Klong unsigned int[m[K’} [[01;35m[K-Wsign-compare[m[K]
   75 |     for(int i = 0; [01;35m[Ki < children.size()[m[K; i++)
      |                    [01;35m[K~~^~~~~~~~~~~~~~~~~[m[K
[01m[K/workspace/src/behavior_tree/src/behavior_tree_implementation.cpp:81:22:[m[K [01;35m[Kwarning: [m[Kcomparison of integer expressions of different signedness: ‘[01m[Kint[m[K’ and ‘[01m[Kstd::vector<Node*>::size_type[m[K’ {aka ‘[01m[Klong unsigned int[m[K’} [[01;35m[K-Wsign-compare[m[K]
   81 |     for(int i = 0; [01;35m[Ki < children.size()[m[K; i++){
      |                    [01;35m[K~~^~~~~~~~~~~~~~~~~[m[K
[01m[K/workspace/src/behavior_tree/src/behavior_tree_implementation.cpp:[m[K In member function ‘[01m[Kvirtual bool ParallelNode::tick(bool, int)[m[K’:
[01m[K/workspace/src/behavior_tree/src/behavior_tree_implementation.cpp:114:22:[m[K [01;35m[Kwarning: [m[Kcomparison of integer expressions of different signedness: ‘[01m[Kint[m[K’ and ‘[01m[Kstd::vector<Node*>::size_type[m[K’ {aka ‘[01m[Klong unsigned int[m[K’} [[01;35m[K-Wsign-compare[m[K]
  114 |     for(int i = 0; [01;35m[Ki < children.size()[m[K; i++)
      |                    [01;35m[K~~^~~~~~~~~~~~~~~~~[m[K
[01m[K/workspace/src/behavior_tree/src/behavior_tree_implementation.cpp:120:22:[m[K [01;35m[Kwarning: [m[Kcomparison of integer expressions of different signedness: ‘[01m[Kint[m[K’ and ‘[01m[Kstd::vector<Node*>::size_type[m[K’ {aka ‘[01m[Klong unsigned int[m[K’} [[01;35m[K-Wsign-compare[m[K]
  120 |     for(int i = 0; [01;35m[Ki < children.size()[m[K; i++){
      |                    [01;35m[K~~^~~~~~~~~~~~~~~~~[m[K
[01m[K/workspace/src/behavior_tree/src/behavior_tree_implementation.cpp:132:33:[m[K [01;35m[Kwarning: [m[Kcomparison of integer expressions of different signedness: ‘[01m[Kint[m[K’ and ‘[01m[Kstd::vector<Node*>::size_type[m[K’ {aka ‘[01m[Klong unsigned int[m[K’} [[01;35m[K-Wsign-compare[m[K]
  132 |     else if([01;35m[Kchild_failure_count >= (children.size() - child_success_threshold + 1)[m[K)
      |             [01;35m[K~~~~~~~~~~~~~~~~~~~~^~~~~~~~~~~~~~~~~~~~~~~~~~~~~~~~~~~~~~~~~~~~~~~~~~[m[K
[01m[K/workspace/src/behavior_tree/src/behavior_tree_implementation.cpp:[m[K In member function ‘[01m[Kvirtual bool ConditionNode::tick(bool, int)[m[K’:
[01m[K/workspace/src/behavior_tree/src/behavior_tree_implementation.cpp:187:8:[m[K [01;35m[Kwarning: [m[Kunused variable ‘[01m[Kchild_changed[m[K’ [[01;35m[K-Wunused-variable[m[K]
  187 |   bool [01;35m[Kchild_changed[m[K = false;
      |        [01;35m[K^~~~~~~~~~~~~[m[K
[01m[K/workspace/src/behavior_tree/src/behavior_tree_implementation.cpp:[m[K In member function ‘[01m[Kvoid ActionNode::callback(behavior_tree_msgs::msg::Status_<std::allocator<void> >::SharedPtr)[m[K’:
[01m[K/workspace/src/behavior_tree/src/behavior_tree_implementation.cpp:326:16:[m[K [01;35m[Kwarning: [m[Kcomparison of integer expressions of different signedness: ‘[01m[Kbehavior_tree_msgs::msg::Status_<std::allocator<void> >::_id_type[m[K’ {aka ‘[01m[Klong unsigned int[m[K’} and ‘[01m[Kint[m[K’ [[01;35m[K-Wsign-compare[m[K]
  326 |     if([01;35m[Kmsg->id != current_id[m[K){
      |        [01;35m[K~~~~~~~~^~~~~~~~~~~~~[m[K
[01m[K/workspace/src/behavior_tree/src/behavior_tree_implementation.cpp:[m[K In constructor ‘[01m[KBehaviorTree::BehaviorTree(std::string, rclcpp::Node*)[m[K’:
[01m[K/workspace/src/behavior_tree/src/behavior_tree_implementation.cpp:418:20:[m[K [01;35m[Kwarning: [m[Kcomparison of integer expressions of different signedness: ‘[01m[Kint[m[K’ and ‘[01m[Kstd::vector<Node*>::size_type[m[K’ {aka ‘[01m[Klong unsigned int[m[K’} [[01;35m[K-Wsign-compare[m[K]
  418 |   for(int i = 0; [01;35m[Ki < nodes.size()[m[K; i++){
      |                  [01;35m[K~~^~~~~~~~~~~~~~[m[K
[01m[K/workspace/src/behavior_tree/src/behavior_tree_implementation.cpp:[m[K In member function ‘[01m[Kint BehaviorTree::count_tabs(std::string)[m[K’:
[01m[K/workspace/src/behavior_tree/src/behavior_tree_implementation.cpp:514:20:[m[K [01;35m[Kwarning: [m[Kcomparison of integer expressions of different signedness: ‘[01m[Kint[m[K’ and ‘[01m[Kstd::__cxx11::basic_string<char>::size_type[m[K’ {aka ‘[01m[Klong unsigned int[m[K’} [[01;35m[K-Wsign-compare[m[K]
  514 |   for(int i = 0; [01;35m[Ki < str.size()[m[K; i++)
      |                  [01;35m[K~~^~~~~~~~~~~~[m[K
[01m[K/workspace/src/behavior_tree/src/behavior_tree_implementation.cpp:[m[K In member function ‘[01m[Kbool BehaviorTree::tick()[m[K’:
[01m[K/workspace/src/behavior_tree/src/behavior_tree_implementation.cpp:583:22:[m[K [01;35m[Kwarning: [m[Kcomparison of integer expressions of different signedness: ‘[01m[Kint[m[K’ and ‘[01m[Kstd::vector<Node*>::size_type[m[K’ {aka ‘[01m[Klong unsigned int[m[K’} [[01;35m[K-Wsign-compare[m[K]
  583 |     for(int i = 0; [01;35m[Ki < nodes.size()[m[K; i++){
      |                    [01;35m[K~~^~~~~~~~~~~~~~[m[K
[01m[K/workspace/src/behavior_tree/src/behavior_tree_implementation.cpp:[m[K In member function ‘[01m[Kstd::string BehaviorTree::get_graphviz()[m[K’:
[01m[K/workspace/src/behavior_tree/src/behavior_tree_implementation.cpp:672:22:[m[K [01;35m[Kwarning: [m[Kcomparison of integer expressions of different signedness: ‘[01m[Kint[m[K’ and ‘[01m[Kstd::vector<Node*>::size_type[m[K’ {aka ‘[01m[Klong unsigned int[m[K’} [[01;35m[K-Wsign-compare[m[K]
  672 |     for(int i = 0; [01;35m[Ki < node->children.size()[m[K; i++)
      |                    [01;35m[K~~^~~~~~~~~~~~~~~~~~~~~~~[m[K
[01m[K/workspace/src/behavior_tree/src/behavior_tree_implementation.cpp:683:22:[m[K [01;35m[Kwarning: [m[Kcomparison of integer expressions of different signedness: ‘[01m[Kint[m[K’ and ‘[01m[Kstd::vector<Node*>::size_type[m[K’ {aka ‘[01m[Klong unsigned int[m[K’} [[01;35m[K-Wsign-compare[m[K]
  683 |     for(int i = 0; [01;35m[Ki < node->children.size()[m[K; i++){
      |                    [01;35m[K~~^~~~~~~~~~~~~~~~~~~~~~~[m[K
In file included from [01m[K/opt/ros/humble/include/rclcpp/rclcpp/subscription_base.hpp:32[m[K,
                 from [01m[K/opt/ros/humble/include/rclcpp/rclcpp/callback_group.hpp:29[m[K,
                 from [01m[K/opt/ros/humble/include/rclcpp/rclcpp/any_executable.hpp:20[m[K,
                 from [01m[K/opt/ros/humble/include/rclcpp/rclcpp/memory_strategy.hpp:25[m[K,
                 from [01m[K/opt/ros/humble/include/rclcpp/rclcpp/memory_strategies.hpp:18[m[K,
                 from [01m[K/opt/ros/humble/include/rclcpp/rclcpp/executor_options.hpp:20[m[K,
                 from [01m[K/opt/ros/humble/include/rclcpp/rclcpp/executor.hpp:37[m[K,
                 from [01m[K/opt/ros/humble/include/rclcpp/rclcpp/executors/multi_threaded_executor.hpp:25[m[K,
                 from [01m[K/opt/ros/humble/include/rclcpp/rclcpp/executors.hpp:21[m[K,
                 from [01m[K/opt/ros/humble/include/rclcpp/rclcpp/rclcpp.hpp:155[m[K,
                 from [01m[K/workspace/src/behavior_tree/include/behavior_tree/behavior_tree_implementation.h:11[m[K,
                 from [01m[K/workspace/src/behavior_tree/src/behavior_tree_implementation.cpp:1[m[K:
/opt/ros/humble/include/rclcpp/rclcpp/any_subscription_callback.hpp: In instantiation of ‘[01m[Krclcpp::AnySubscriptionCallback<MessageT, AllocatorT> rclcpp::AnySubscriptionCallback<MessageT, AllocatorT>::set(CallbackT) [with CallbackT = std::_Bind<void (ConditionNode::*(ConditionNode*, std::_Placeholder<1>))(std::shared_ptr<std_msgs::msg::Bool_<std::allocator<void> > >)>; MessageT = std_msgs::msg::Bool_<std::allocator<void> >; AllocatorT = std::allocator<void>][m[K’:
[01m[K/opt/ros/humble/include/rclcpp/rclcpp/subscription_factory.hpp:94:32:[m[K   required from ‘[01m[Krclcpp::SubscriptionFactory rclcpp::create_subscription_factory(CallbackT&&, const rclcpp::SubscriptionOptionsWithAllocator<AllocatorT>&, typename MessageMemoryStrategyT::SharedPtr, std::shared_ptr<rclcpp::topic_statistics::SubscriptionTopicStatistics<ROSMessageType> >) [with MessageT = std_msgs::msg::Bool_<std::allocator<void> >; CallbackT = std::_Bind<void (ConditionNode::*(ConditionNode*, std::_Placeholder<1>))(std::shared_ptr<std_msgs::msg::Bool_<std::allocator<void> > >)>; AllocatorT = std::allocator<void>; SubscriptionT = rclcpp::Subscription<std_msgs::msg::Bool_<std::allocator<void> > >; MessageMemoryStrategyT = rclcpp::message_memory_strategy::MessageMemoryStrategy<std_msgs::msg::Bool_<std::allocator<void> >, std::allocator<void> >; ROSMessageType = std_msgs::msg::Bool_<std::allocator<void> >; typename MessageMemoryStrategyT::SharedPtr = std::shared_ptr<rclcpp::message_memory_strategy::MessageMemoryStrategy<std_msgs::msg::Bool_<std::allocator<void> >, std::allocator<void> > >][m[K’
[01m[K/opt/ros/humble/include/rclcpp/rclcpp/create_subscription.hpp:122:63:[m[K   required from ‘[01m[Kstd::shared_ptr<ROSMessageT> rclcpp::detail::create_subscription(NodeParametersT&, NodeTopicsT&, const string&, const rclcpp::QoS&, CallbackT&&, const rclcpp::SubscriptionOptionsWithAllocator<AllocatorT>&, typename MessageMemoryStrategyT::SharedPtr) [with MessageT = std_msgs::msg::Bool_<std::allocator<void> >; CallbackT = std::_Bind<void (ConditionNode::*(ConditionNode*, std::_Placeholder<1>))(std::shared_ptr<std_msgs::msg::Bool_<std::allocator<void> > >)>; AllocatorT = std::allocator<void>; SubscriptionT = rclcpp::Subscription<std_msgs::msg::Bool_<std::allocator<void> > >; MessageMemoryStrategyT = rclcpp::message_memory_strategy::MessageMemoryStrategy<std_msgs::msg::Bool_<std::allocator<void> >, std::allocator<void> >; NodeParametersT = rclcpp::Node; NodeTopicsT = rclcpp::Node; ROSMessageType = std_msgs::msg::Bool_<std::allocator<void> >; std::string = std::__cxx11::basic_string<char>; typename MessageMemoryStrategyT::SharedPtr = std::shared_ptr<rclcpp::message_memory_strategy::MessageMemoryStrategy<std_msgs::msg::Bool_<std::allocator<void> >, std::allocator<void> > >][m[K’
[01m[K/opt/ros/humble/include/rclcpp/rclcpp/create_subscription.hpp:191:76:[m[K   required from ‘[01m[Kstd::shared_ptr<ROSMessageT> rclcpp::create_subscription(NodeT&, const string&, const rclcpp::QoS&, CallbackT&&, const rclcpp::SubscriptionOptionsWithAllocator<AllocatorT>&, typename MessageMemoryStrategyT::SharedPtr) [with MessageT = std_msgs::msg::Bool_<std::allocator<void> >; CallbackT = std::_Bind<void (ConditionNode::*(ConditionNode*, std::_Placeholder<1>))(std::shared_ptr<std_msgs::msg::Bool_<std::allocator<void> > >)>; AllocatorT = std::allocator<void>; SubscriptionT = rclcpp::Subscription<std_msgs::msg::Bool_<std::allocator<void> > >; MessageMemoryStrategyT = rclcpp::message_memory_strategy::MessageMemoryStrategy<std_msgs::msg::Bool_<std::allocator<void> >, std::allocator<void> >; NodeT = rclcpp::Node; std::string = std::__cxx11::basic_string<char>; typename MessageMemoryStrategyT::SharedPtr = std::shared_ptr<rclcpp::message_memory_strategy::MessageMemoryStrategy<std_msgs::msg::Bool_<std::allocator<void> >, std::allocator<void> > >][m[K’
[01m[K/opt/ros/humble/include/rclcpp/rclcpp/node_impl.hpp:99:47:[m[K   required from ‘[01m[Kstd::shared_ptr<ROSMessageT> rclcpp::Node::create_subscription(const string&, const rclcpp::QoS&, CallbackT&&, const rclcpp::SubscriptionOptionsWithAllocator<AllocatorT>&, typename MessageMemoryStrategyT::SharedPtr) [with MessageT = std_msgs::msg::Bool_<std::allocator<void> >; CallbackT = std::_Bind<void (ConditionNode::*(ConditionNode*, std::_Placeholder<1>))(std::shared_ptr<std_msgs::msg::Bool_<std::allocator<void> > >)>; AllocatorT = std::allocator<void>; SubscriptionT = rclcpp::Subscription<std_msgs::msg::Bool_<std::allocator<void> > >; MessageMemoryStrategyT = rclcpp::message_memory_strategy::MessageMemoryStrategy<std_msgs::msg::Bool_<std::allocator<void> >, std::allocator<void> >; std::string = std::__cxx11::basic_string<char>; typename MessageMemoryStrategyT::SharedPtr = std::shared_ptr<rclcpp::message_memory_strategy::MessageMemoryStrategy<std_msgs::msg::Bool_<std::allocator<void> >, std::allocator<void> > >][m[K’
[01m[K/workspace/src/behavior_tree/src/behavior_tree_implementation.cpp:229:62:[m[K   required from here
[01m[K/opt/ros/humble/include/rclcpp/rclcpp/any_subscription_callback.hpp:391:21:[m[K [01;35m[Kwarning: [m[K‘[01m[Kvoid rclcpp::AnySubscriptionCallback<MessageT, AllocatorT>::set_deprecated(std::function<void(std::shared_ptr<_Yp>)>) [with SetT = std_msgs::msg::Bool_<std::allocator<void> >; MessageT = std_msgs::msg::Bool_<std::allocator<void> >; AllocatorT = std::allocator<void>][m[K’ is deprecated: use 'void(std::shared_ptr<const MessageT>)' instead [[01;35m[K-Wdeprecated-declarations[m[K]
  391 |       [01;35m[Kset_deprecated(static_cast<typename scbth::callback_type>(callback))[m[K;
      |       [01;35m[K~~~~~~~~~~~~~~^~~~~~~~~~~~~~~~~~~~~~~~~~~~~~~~~~~~~~~~~~~~~~~~~~~~~~[m[K
[01m[K/opt/ros/humble/include/rclcpp/rclcpp/any_subscription_callback.hpp:408:3:[m[K [01;36m[Knote: [m[Kdeclared here
  408 |   [01;36m[Kset_deprecated[m[K(std::function<void(std::shared_ptr<SetT>)> callback)
      |   [01;36m[K^~~~~~~~~~~~~~[m[K
/opt/ros/humble/include/rclcpp/rclcpp/any_subscription_callback.hpp: In instantiation of ‘[01m[Krclcpp::AnySubscriptionCallback<MessageT, AllocatorT> rclcpp::AnySubscriptionCallback<MessageT, AllocatorT>::set(CallbackT) [with CallbackT = std::_Bind<void (ActionNode::*(ActionNode*, std::_Placeholder<1>))(std::shared_ptr<behavior_tree_msgs::msg::Status_<std::allocator<void> > >)>; MessageT = behavior_tree_msgs::msg::Status_<std::allocator<void> >; AllocatorT = std::allocator<void>][m[K’:
[01m[K/opt/ros/humble/include/rclcpp/rclcpp/subscription_factory.hpp:94:32:[m[K   required from ‘[01m[Krclcpp::SubscriptionFactory rclcpp::create_subscription_factory(CallbackT&&, const rclcpp::SubscriptionOptionsWithAllocator<AllocatorT>&, typename MessageMemoryStrategyT::SharedPtr, std::shared_ptr<rclcpp::topic_statistics::SubscriptionTopicStatistics<ROSMessageType> >) [with MessageT = behavior_tree_msgs::msg::Status_<std::allocator<void> >; CallbackT = std::_Bind<void (ActionNode::*(ActionNode*, std::_Placeholder<1>))(std::shared_ptr<behavior_tree_msgs::msg::Status_<std::allocator<void> > >)>; AllocatorT = std::allocator<void>; SubscriptionT = rclcpp::Subscription<behavior_tree_msgs::msg::Status_<std::allocator<void> > >; MessageMemoryStrategyT = rclcpp::message_memory_strategy::MessageMemoryStrategy<behavior_tree_msgs::msg::Status_<std::allocator<void> >, std::allocator<void> >; ROSMessageType = behavior_tree_msgs::msg::Status_<std::allocator<void> >; typename MessageMemoryStrategyT::SharedPtr = std::shared_ptr<rclcpp::message_memory_strategy::MessageMemoryStrategy<behavior_tree_msgs::msg::Status_<std::allocator<void> >, std::allocator<void> > >][m[K’
[01m[K/opt/ros/humble/include/rclcpp/rclcpp/create_subscription.hpp:122:63:[m[K   required from ‘[01m[Kstd::shared_ptr<ROSMessageT> rclcpp::detail::create_subscription(NodeParametersT&, NodeTopicsT&, const string&, const rclcpp::QoS&, CallbackT&&, const rclcpp::SubscriptionOptionsWithAllocator<AllocatorT>&, typename MessageMemoryStrategyT::SharedPtr) [with MessageT = behavior_tree_msgs::msg::Status_<std::allocator<void> >; CallbackT = std::_Bind<void (ActionNode::*(ActionNode*, std::_Placeholder<1>))(std::shared_ptr<behavior_tree_msgs::msg::Status_<std::allocator<void> > >)>; AllocatorT = std::allocator<void>; SubscriptionT = rclcpp::Subscription<behavior_tree_msgs::msg::Status_<std::allocator<void> > >; MessageMemoryStrategyT = rclcpp::message_memory_strategy::MessageMemoryStrategy<behavior_tree_msgs::msg::Status_<std::allocator<void> >, std::allocator<void> >; NodeParametersT = rclcpp::Node; NodeTopicsT = rclcpp::Node; ROSMessageType = behavior_tree_msgs::msg::Status_<std::allocator<void> >; std::string = std::__cxx11::basic_string<char>; typename MessageMemoryStrategyT::SharedPtr = std::shared_ptr<rclcpp::message_memory_strategy::MessageMemoryStrategy<behavior_tree_msgs::msg::Status_<std::allocator<void> >, std::allocator<void> > >][m[K’
[01m[K/opt/ros/humble/include/rclcpp/rclcpp/create_subscription.hpp:191:76:[m[K   required from ‘[01m[Kstd::shared_ptr<ROSMessageT> rclcpp::create_subscription(NodeT&, const string&, const rclcpp::QoS&, CallbackT&&, const rclcpp::SubscriptionOptionsWithAllocator<AllocatorT>&, typename MessageMemoryStrategyT::SharedPtr) [with MessageT = behavior_tree_msgs::msg::Status_<std::allocator<void> >; CallbackT = std::_Bind<void (ActionNode::*(ActionNode*, std::_Placeholder<1>))(std::shared_ptr<behavior_tree_msgs::msg::Status_<std::allocator<void> > >)>; AllocatorT = std::allocator<void>; SubscriptionT = rclcpp::Subscription<behavior_tree_msgs::msg::Status_<std::allocator<void> > >; MessageMemoryStrategyT = rclcpp::message_memory_strategy::MessageMemoryStrategy<behavior_tree_msgs::msg::Status_<std::allocator<void> >, std::allocator<void> >; NodeT = rclcpp::Node; std::string = std::__cxx11::basic_string<char>; typename MessageMemoryStrategyT::SharedPtr = std::shared_ptr<rclcpp::message_memory_strategy::MessageMemoryStrategy<behavior_tree_msgs::msg::Status_<std::allocator<void> >, std::allocator<void> > >][m[K’
[01m[K/opt/ros/humble/include/rclcpp/rclcpp/node_impl.hpp:99:47:[m[K   required from ‘[01m[Kstd::shared_ptr<ROSMessageT> rclcpp::Node::create_subscription(const string&, const rclcpp::QoS&, CallbackT&&, const rclcpp::SubscriptionOptionsWithAllocator<AllocatorT>&, typename MessageMemoryStrategyT::SharedPtr) [with MessageT = behavior_tree_msgs::msg::Status_<std::allocator<void> >; CallbackT = std::_Bind<void (ActionNode::*(ActionNode*, std::_Placeholder<1>))(std::shared_ptr<behavior_tree_msgs::msg::Status_<std::allocator<void> > >)>; AllocatorT = std::allocator<void>; SubscriptionT = rclcpp::Subscription<behavior_tree_msgs::msg::Status_<std::allocator<void> > >; MessageMemoryStrategyT = rclcpp::message_memory_strategy::MessageMemoryStrategy<behavior_tree_msgs::msg::Status_<std::allocator<void> >, std::allocator<void> >; std::string = std::__cxx11::basic_string<char>; typename MessageMemoryStrategyT::SharedPtr = std::shared_ptr<rclcpp::message_memory_strategy::MessageMemoryStrategy<behavior_tree_msgs::msg::Status_<std::allocator<void> >, std::allocator<void> > >][m[K’
[01m[K/workspace/src/behavior_tree/src/behavior_tree_implementation.cpp:318:74:[m[K   required from here
[01m[K/opt/ros/humble/include/rclcpp/rclcpp/any_subscription_callback.hpp:391:21:[m[K [01;35m[Kwarning: [m[K‘[01m[Kvoid rclcpp::AnySubscriptionCallback<MessageT, AllocatorT>::set_deprecated(std::function<void(std::shared_ptr<_Yp>)>) [with SetT = behavior_tree_msgs::msg::Status_<std::allocator<void> >; MessageT = behavior_tree_msgs::msg::Status_<std::allocator<void> >; AllocatorT = std::allocator<void>][m[K’ is deprecated: use 'void(std::shared_ptr<const MessageT>)' instead [[01;35m[K-Wdeprecated-declarations[m[K]
  391 |       [01;35m[Kset_deprecated(static_cast<typename scbth::callback_type>(callback))[m[K;
      |       [01;35m[K~~~~~~~~~~~~~~^~~~~~~~~~~~~~~~~~~~~~~~~~~~~~~~~~~~~~~~~~~~~~~~~~~~~~[m[K
[01m[K/opt/ros/humble/include/rclcpp/rclcpp/any_subscription_callback.hpp:408:3:[m[K [01;36m[Knote: [m[Kdeclared here
  408 |   [01;36m[Kset_deprecated[m[K(std::function<void(std::shared_ptr<SetT>)> callback)
      |   [01;36m[K^~~~~~~~~~~~~~[m[K
[ 75%] [32m[1mLinking CXX static library libbehavior_tree.a[0m
[ 75%] Built target behavior_tree
[100%] [32m[1mLinking CXX executable behavior_tree_implementation[0m
[100%] Built target behavior_tree_implementation
-- Install configuration: ""
-- Execute custom install script
-- Symlinking: /workspace/install/behavior_tree/share/behavior_tree/environment/library_path.sh
-- Symlinking: /workspace/install/behavior_tree/share/behavior_tree/environment/library_path.dsv
-- Symlinking: /workspace/install/behavior_tree/include/behavior_tree/behavior_tree.h
-- Symlinking: /workspace/install/behavior_tree/include/behavior_tree/behavior_tree_implementation.h
-- Symlinking: /workspace/install/behavior_tree/lib/behavior_tree/behavior_tree_implementation
-- Symlinking: /workspace/install/behavior_tree/share/ament_index/resource_index/package_run_dependencies/behavior_tree
-- Symlinking: /workspace/install/behavior_tree/share/ament_index/resource_index/parent_prefix_path/behavior_tree
-- Symlinking: /workspace/install/behavior_tree/share/behavior_tree/environment/ament_prefix_path.sh
-- Symlinking: /workspace/install/behavior_tree/share/behavior_tree/environment/ament_prefix_path.dsv
-- Symlinking: /workspace/install/behavior_tree/share/behavior_tree/environment/path.sh
-- Symlinking: /workspace/install/behavior_tree/share/behavior_tree/environment/path.dsv
-- Symlinking: /workspace/install/behavior_tree/share/behavior_tree/local_setup.bash
-- Symlinking: /workspace/install/behavior_tree/share/behavior_tree/local_setup.sh
-- Symlinking: /workspace/install/behavior_tree/share/behavior_tree/local_setup.zsh
-- Symlinking: /workspace/install/behavior_tree/share/behavior_tree/local_setup.dsv
-- Symlinking: /workspace/install/behavior_tree/share/behavior_tree/package.dsv
-- Symlinking: /workspace/install/behavior_tree/share/ament_index/resource_index/packages/behavior_tree
-- Symlinking: /workspace/install/behavior_tree/share/behavior_tree/cmake/ament_cmake_export_targets-extras.cmake
-- Symlinking: /workspace/install/behavior_tree/share/behavior_tree/cmake/behavior_treeConfig.cmake
-- Symlinking: /workspace/install/behavior_tree/share/behavior_tree/cmake/behavior_treeConfig-version.cmake
-- Symlinking: /workspace/install/behavior_tree/share/behavior_tree/package.xml
-- Installing: /workspace/install/behavior_tree/lib/libbehavior_tree.a
-- Installing: /workspace/install/behavior_tree/share/behavior_tree/cmake/behavior_treeExport.cmake
-- Installing: /workspace/install/behavior_tree/share/behavior_tree/cmake/behavior_treeExport-noconfig.cmake
