-- The C compiler identification is GNU 11.4.0
-- The CXX compiler identification is GNU 11.4.0
-- Detecting C compiler ABI info
-- Detecting C compiler ABI info - done
-- Check for working C compiler: /usr/bin/cc - skipped
-- Detecting C compile features
-- Detecting C compile features - done
-- Detecting CXX compiler ABI info
-- Detecting CXX compiler ABI info - done
-- Check for working CXX compiler: /usr/bin/c++ - skipped
-- Detecting CXX compile features
-- Detecting CXX compile features - done
-- Found ament_cmake: 1.3.9 (/opt/ros/humble/share/ament_cmake/cmake)
-- Found Python3: /usr/bin/python3 (found version "3.10.12") found components: Interpreter 
-- Override CMake install command with custom implementation using symlinks instead of copying resources
-- Found rclcpp: 16.0.9 (/opt/ros/humble/share/rclcpp/cmake)
-- Found rosidl_generator_c: 3.1.5 (/opt/ros/humble/share/rosidl_generator_c/cmake)
-- Found rosidl_adapter: 3.1.5 (/opt/ros/humble/share/rosidl_adapter/cmake)
-- Found rosidl_generator_cpp: 3.1.5 (/opt/ros/humble/share/rosidl_generator_cpp/cmake)
-- Using all available rosidl_typesupport_c: rosidl_typesupport_fastrtps_c;rosidl_typesupport_introspection_c
-- Using all available rosidl_typesupport_cpp: rosidl_typesupport_fastrtps_cpp;rosidl_typesupport_introspection_cpp
-- Found rmw_implementation_cmake: 6.1.2 (/opt/ros/humble/share/rmw_implementation_cmake/cmake)
-- Found rmw_fastrtps_cpp: 6.2.6 (/opt/ros/humble/share/rmw_fastrtps_cpp/cmake)
-- Found OpenSSL: /usr/lib/x86_64-linux-gnu/libcrypto.so (found version "3.0.2")  
-- Found FastRTPS: /opt/ros/humble/include  
-- Using RMW implementation 'rmw_fastrtps_cpp' as default
-- Looking for pthread.h
-- Looking for pthread.h - found
-- Performing Test CMAKE_HAVE_LIBC_PTHREAD
-- Performing Test CMAKE_HAVE_LIBC_PTHREAD - Success
-- Found Threads: TRUE  
-- Found behavior_tree_msgs: 0.0.0 (/workspace/install/behavior_tree_msgs/share/behavior_tree_msgs/cmake)
-- Found Boost: /usr/lib/x86_64-linux-gnu/cmake/Boost-1.74.0/BoostConfig.cmake (found version "1.74.0") found components: iostreams 
-- Found ament_lint_auto: 0.12.11 (/opt/ros/humble/share/ament_lint_auto/cmake)
-- Added test 'copyright' to check source files copyright and LICENSE
-- Added test 'cppcheck' to perform static code analysis on C / C++ code
-- Configured cppcheck include dirs: /workspace/src/behavior_tree/include
-- Configured cppcheck exclude dirs and/or files: 
-- Added test 'cpplint' to check C / C++ code against the Google style
-- Configured cpplint exclude dirs and/or files: 
-- Added test 'lint_cmake' to check CMake code style
-- Added test 'uncrustify' to check C / C++ code style
-- Configured uncrustify additional arguments: 
-- Added test 'xmllint' to check XML markup files
-- Configuring done
-- Generating done
-- Build files have been written to: /workspace/build/behavior_tree
[ 25%] [32mBuilding CXX object CMakeFiles/behavior_tree.dir/src/behavior_tree.cpp.o[0m
[ 50%] [32mBuilding CXX object CMakeFiles/behavior_tree_implementation.dir/src/behavior_tree_implementation.cpp.o[0m
[ 75%] [32m[1mLinking CXX static library libbehavior_tree.a[0m
[ 75%] Built target behavior_tree
[100%] [32m[1mLinking CXX executable behavior_tree_implementation[0m
[100%] Built target behavior_tree_implementation
-- Install configuration: ""
-- Execute custom install script
-- Symlinking: /workspace/install/behavior_tree/share/behavior_tree/environment/library_path.sh
-- Symlinking: /workspace/install/behavior_tree/share/behavior_tree/environment/library_path.dsv
-- Symlinking: /workspace/install/behavior_tree/include/behavior_tree/behavior_tree.h
-- Symlinking: /workspace/install/behavior_tree/include/behavior_tree/behavior_tree_implementation.h
-- Symlinking: /workspace/install/behavior_tree/lib/behavior_tree/behavior_tree_implementation
-- Symlinking: /workspace/install/behavior_tree/share/ament_index/resource_index/package_run_dependencies/behavior_tree
-- Symlinking: /workspace/install/behavior_tree/share/ament_index/resource_index/parent_prefix_path/behavior_tree
-- Symlinking: /workspace/install/behavior_tree/share/behavior_tree/environment/ament_prefix_path.sh
-- Symlinking: /workspace/install/behavior_tree/share/behavior_tree/environment/ament_prefix_path.dsv
-- Symlinking: /workspace/install/behavior_tree/share/behavior_tree/environment/path.sh
-- Symlinking: /workspace/install/behavior_tree/share/behavior_tree/environment/path.dsv
-- Symlinking: /workspace/install/behavior_tree/share/behavior_tree/local_setup.bash
-- Symlinking: /workspace/install/behavior_tree/share/behavior_tree/local_setup.sh
-- Symlinking: /workspace/install/behavior_tree/share/behavior_tree/local_setup.zsh
-- Symlinking: /workspace/install/behavior_tree/share/behavior_tree/local_setup.dsv
-- Symlinking: /workspace/install/behavior_tree/share/behavior_tree/package.dsv
-- Symlinking: /workspace/install/behavior_tree/share/ament_index/resource_index/packages/behavior_tree
-- Symlinking: /workspace/install/behavior_tree/share/behavior_tree/cmake/ament_cmake_export_targets-extras.cmake
-- Symlinking: /workspace/install/behavior_tree/share/behavior_tree/cmake/behavior_treeConfig.cmake
-- Symlinking: /workspace/install/behavior_tree/share/behavior_tree/cmake/behavior_treeConfig-version.cmake
-- Symlinking: /workspace/install/behavior_tree/share/behavior_tree/package.xml
-- Installing: /workspace/install/behavior_tree/lib/libbehavior_tree.a
-- Installing: /workspace/install/behavior_tree/share/behavior_tree/cmake/behavior_treeExport.cmake
-- Installing: /workspace/install/behavior_tree/share/behavior_tree/cmake/behavior_treeExport-noconfig.cmake
