-- The C compiler identification is GNU 11.4.0
-- The CXX compiler identification is GNU 11.4.0
-- Detecting C compiler ABI info
-- Detecting C compiler ABI info - done
-- Check for working C compiler: /usr/bin/cc - skipped
-- Detecting C compile features
-- Detecting C compile features - done
-- Detecting CXX compiler ABI info
-- Detecting CXX compiler ABI info - done
-- Check for working CXX compiler: /usr/bin/c++ - skipped
-- Detecting CXX compile features
-- Detecting CXX compile features - done
-- Found std_msgs: 4.2.4 (/opt/ros/humble/share/std_msgs/cmake)
-- Found Python3: /usr/bin/python3 (found version "3.10.12") found components: Interpreter 
-- Override CMake install command with custom implementation using symlinks instead of copying resources
-- Found rosidl_generator_c: 3.1.5 (/opt/ros/humble/share/rosidl_generator_c/cmake)
-- Found rosidl_adapter: 3.1.5 (/opt/ros/humble/share/rosidl_adapter/cmake)
-- Found rosidl_generator_cpp: 3.1.5 (/opt/ros/humble/share/rosidl_generator_cpp/cmake)
-- Using all available rosidl_typesupport_c: rosidl_typesupport_fastrtps_c;rosidl_typesupport_introspection_c
-- Using all available rosidl_typesupport_cpp: rosidl_typesupport_fastrtps_cpp;rosidl_typesupport_introspection_cpp
-- Found rosidl_default_generators: 1.2.0 (/opt/ros/humble/share/rosidl_default_generators/cmake)
-- Found ament_cmake_ros: 0.10.0 (/opt/ros/humble/share/ament_cmake_ros/cmake)
-- Using all available rosidl_typesupport_c: rosidl_typesupport_fastrtps_c;rosidl_typesupport_introspection_c
-- Using all available rosidl_typesupport_cpp: rosidl_typesupport_fastrtps_cpp;rosidl_typesupport_introspection_cpp
-- Found PythonInterp: /usr/bin/python3 (found suitable version "3.10.12", minimum required is "3.6") 
-- Found python_cmake_module: 0.10.0 (/opt/ros/humble/share/python_cmake_module/cmake)
-- Found PythonLibs: /usr/lib/x86_64-linux-gnu/libpython3.10.so (found suitable version "3.10.12", minimum required is "3.5") 
-- Using PYTHON_EXECUTABLE: /usr/bin/python3
-- Using PYTHON_INCLUDE_DIRS: /usr/include/python3.10
-- Using PYTHON_LIBRARIES: /usr/lib/x86_64-linux-gnu/libpython3.10.so
-- Found PythonExtra: .so  
-- Found ament_lint_auto: 0.12.11 (/opt/ros/humble/share/ament_lint_auto/cmake)
-- Added test 'copyright' to check source files copyright and LICENSE
-- Added test 'lint_cmake' to check CMake code style
-- Added test 'xmllint' to check XML markup files
-- Configuring done
-- Generating done
-- Build files have been written to: /workspace/build/behavior_tree_msgs
[  1%] [34m[1mGenerating C code for ROS interfaces[0m
[  3%] [34m[1mGenerating C++ code for ROS interfaces[0m
[  3%] Built target ament_cmake_python_symlink_behavior_tree_msgs
running egg_info
creating behavior_tree_msgs.egg-info
writing behavior_tree_msgs.egg-info/PKG-INFO
writing dependency_links to behavior_tree_msgs.egg-info/dependency_links.txt
writing top-level names to behavior_tree_msgs.egg-info/top_level.txt
writing manifest file 'behavior_tree_msgs.egg-info/SOURCES.txt'
reading manifest file 'behavior_tree_msgs.egg-info/SOURCES.txt'
writing manifest file 'behavior_tree_msgs.egg-info/SOURCES.txt'
[  3%] Built target ament_cmake_python_build_behavior_tree_msgs_egg
[  3%] Built target behavior_tree_msgs__cpp
[  9%] [34m[1mGenerating C++ type support for eProsima Fast-RTPS[0m
[  9%] [34m[1mGenerating C++ type support dispatch for ROS interfaces[0m
[  9%] [34m[1mGenerating C++ introspection for ROS interfaces[0m
[ 12%] [32mBuilding C object CMakeFiles/behavior_tree_msgs__rosidl_generator_c.dir/rosidl_generator_c/behavior_tree_msgs/msg/detail/status__functions.c.o[0m
[ 12%] [32mBuilding C object CMakeFiles/behavior_tree_msgs__rosidl_generator_c.dir/rosidl_generator_c/behavior_tree_msgs/msg/detail/active__functions.c.o[0m
[ 14%] [32mBuilding C object CMakeFiles/behavior_tree_msgs__rosidl_generator_c.dir/rosidl_generator_c/behavior_tree_msgs/msg/detail/behavior_tree_command__functions.c.o[0m
[ 16%] [32mBuilding C object CMakeFiles/behavior_tree_msgs__rosidl_generator_c.dir/rosidl_generator_c/behavior_tree_msgs/msg/detail/behavior_tree_commands__functions.c.o[0m
[ 18%] [32m[1mLinking C shared library libbehavior_tree_msgs__rosidl_generator_c.so[0m
[ 18%] Built target behavior_tree_msgs__rosidl_generator_c
[ 23%] [34m[1mGenerating C introspection for ROS interfaces[0m
[ 23%] [34m[1mGenerating C type support for eProsima Fast-RTPS[0m
[ 23%] [34m[1mGenerating C type support dispatch for ROS interfaces[0m
[ 29%] [32mBuilding CXX object CMakeFiles/behavior_tree_msgs__rosidl_typesupport_cpp.dir/rosidl_typesupport_cpp/behavior_tree_msgs/msg/status__type_support.cpp.o[0m
[ 29%] [32mBuilding CXX object CMakeFiles/behavior_tree_msgs__rosidl_typesupport_cpp.dir/rosidl_typesupport_cpp/behavior_tree_msgs/msg/active__type_support.cpp.o[0m
[ 29%] [32mBuilding CXX object CMakeFiles/behavior_tree_msgs__rosidl_typesupport_cpp.dir/rosidl_typesupport_cpp/behavior_tree_msgs/msg/behavior_tree_command__type_support.cpp.o[0m
[ 30%] [32mBuilding CXX object CMakeFiles/behavior_tree_msgs__rosidl_typesupport_cpp.dir/rosidl_typesupport_cpp/behavior_tree_msgs/msg/behavior_tree_commands__type_support.cpp.o[0m
[ 36%] [32mBuilding CXX object CMakeFiles/behavior_tree_msgs__rosidl_typesupport_introspection_cpp.dir/rosidl_typesupport_introspection_cpp/behavior_tree_msgs/msg/detail/active__type_support.cpp.o[0m
[ 36%] [32mBuilding CXX object CMakeFiles/behavior_tree_msgs__rosidl_typesupport_introspection_cpp.dir/rosidl_typesupport_introspection_cpp/behavior_tree_msgs/msg/detail/status__type_support.cpp.o[0m
[ 36%] [32mBuilding CXX object CMakeFiles/behavior_tree_msgs__rosidl_typesupport_introspection_cpp.dir/rosidl_typesupport_introspection_cpp/behavior_tree_msgs/msg/detail/behavior_tree_commands__type_support.cpp.o[0m
[ 38%] [32mBuilding CXX object CMakeFiles/behavior_tree_msgs__rosidl_typesupport_introspection_cpp.dir/rosidl_typesupport_introspection_cpp/behavior_tree_msgs/msg/detail/behavior_tree_command__type_support.cpp.o[0m
[ 41%] [32mBuilding CXX object CMakeFiles/behavior_tree_msgs__rosidl_typesupport_fastrtps_cpp.dir/rosidl_typesupport_fastrtps_cpp/behavior_tree_msgs/msg/detail/dds_fastrtps/active__type_support.cpp.o[0m
[ 41%] [32mBuilding CXX object CMakeFiles/behavior_tree_msgs__rosidl_typesupport_fastrtps_cpp.dir/rosidl_typesupport_fastrtps_cpp/behavior_tree_msgs/msg/detail/dds_fastrtps/behavior_tree_command__type_support.cpp.o[0m
[ 43%] [32mBuilding CXX object CMakeFiles/behavior_tree_msgs__rosidl_typesupport_fastrtps_cpp.dir/rosidl_typesupport_fastrtps_cpp/behavior_tree_msgs/msg/detail/dds_fastrtps/behavior_tree_commands__type_support.cpp.o[0m
[ 45%] [32mBuilding CXX object CMakeFiles/behavior_tree_msgs__rosidl_typesupport_fastrtps_cpp.dir/rosidl_typesupport_fastrtps_cpp/behavior_tree_msgs/msg/detail/dds_fastrtps/status__type_support.cpp.o[0m
[ 52%] [32mBuilding CXX object CMakeFiles/behavior_tree_msgs__rosidl_typesupport_c.dir/rosidl_typesupport_c/behavior_tree_msgs/msg/behavior_tree_commands__type_support.cpp.o[0m
[ 52%] [32mBuilding CXX object CMakeFiles/behavior_tree_msgs__rosidl_typesupport_c.dir/rosidl_typesupport_c/behavior_tree_msgs/msg/status__type_support.cpp.o[0m
[ 52%] [32mBuilding CXX object CMakeFiles/behavior_tree_msgs__rosidl_typesupport_c.dir/rosidl_typesupport_c/behavior_tree_msgs/msg/behavior_tree_command__type_support.cpp.o[0m
[ 52%] [32mBuilding CXX object CMakeFiles/behavior_tree_msgs__rosidl_typesupport_c.dir/rosidl_typesupport_c/behavior_tree_msgs/msg/active__type_support.cpp.o[0m
[ 54%] [32m[1mLinking CXX shared library libbehavior_tree_msgs__rosidl_typesupport_c.so[0m
[ 54%] Built target behavior_tree_msgs__rosidl_typesupport_c
[ 58%] [32mBuilding CXX object CMakeFiles/behavior_tree_msgs__rosidl_typesupport_fastrtps_c.dir/rosidl_typesupport_fastrtps_c/behavior_tree_msgs/msg/detail/active__type_support_c.cpp.o[0m
[ 58%] [32mBuilding C object CMakeFiles/behavior_tree_msgs__rosidl_typesupport_introspection_c.dir/rosidl_typesupport_introspection_c/behavior_tree_msgs/msg/detail/status__type_support.c.o[0m
[ 60%] [32mBuilding CXX object CMakeFiles/behavior_tree_msgs__rosidl_typesupport_fastrtps_c.dir/rosidl_typesupport_fastrtps_c/behavior_tree_msgs/msg/detail/status__type_support_c.cpp.o[0m
[ 61%] [32mBuilding C object CMakeFiles/behavior_tree_msgs__rosidl_typesupport_introspection_c.dir/rosidl_typesupport_introspection_c/behavior_tree_msgs/msg/detail/active__type_support.c.o[0m
[ 63%] [32mBuilding C object CMakeFiles/behavior_tree_msgs__rosidl_typesupport_introspection_c.dir/rosidl_typesupport_introspection_c/behavior_tree_msgs/msg/detail/behavior_tree_commands__type_support.c.o[0m
[ 65%] [32mBuilding C object CMakeFiles/behavior_tree_msgs__rosidl_typesupport_introspection_c.dir/rosidl_typesupport_introspection_c/behavior_tree_msgs/msg/detail/behavior_tree_command__type_support.c.o[0m
[ 67%] [32mBuilding CXX object CMakeFiles/behavior_tree_msgs__rosidl_typesupport_fastrtps_c.dir/rosidl_typesupport_fastrtps_c/behavior_tree_msgs/msg/detail/behavior_tree_commands__type_support_c.cpp.o[0m
[ 69%] [32mBuilding CXX object CMakeFiles/behavior_tree_msgs__rosidl_typesupport_fastrtps_c.dir/rosidl_typesupport_fastrtps_c/behavior_tree_msgs/msg/detail/behavior_tree_command__type_support_c.cpp.o[0m
[ 70%] [32m[1mLinking C shared library libbehavior_tree_msgs__rosidl_typesupport_introspection_c.so[0m
[ 70%] Built target behavior_tree_msgs__rosidl_typesupport_introspection_c
[ 72%] [32m[1mLinking CXX shared library libbehavior_tree_msgs__rosidl_typesupport_cpp.so[0m
[ 72%] Built target behavior_tree_msgs__rosidl_typesupport_cpp
[ 74%] [32m[1mLinking CXX shared library libbehavior_tree_msgs__rosidl_typesupport_introspection_cpp.so[0m
[ 76%] [32m[1mLinking CXX shared library libbehavior_tree_msgs__rosidl_typesupport_fastrtps_c.so[0m
[ 78%] [32m[1mLinking CXX shared library libbehavior_tree_msgs__rosidl_typesupport_fastrtps_cpp.so[0m
[ 78%] Built target behavior_tree_msgs__rosidl_typesupport_introspection_cpp
[ 78%] Built target behavior_tree_msgs__rosidl_typesupport_fastrtps_c
[ 78%] Built target behavior_tree_msgs__rosidl_typesupport_fastrtps_cpp
[ 78%] Built target behavior_tree_msgs
[ 80%] [34m[1mGenerating Python code for ROS interfaces[0m
[ 80%] Built target behavior_tree_msgs__py
[ 81%] [32mBuilding C object CMakeFiles/behavior_tree_msgs__rosidl_generator_py.dir/rosidl_generator_py/behavior_tree_msgs/msg/_active_s.c.o[0m
[ 83%] [32mBuilding C object CMakeFiles/behavior_tree_msgs__rosidl_generator_py.dir/rosidl_generator_py/behavior_tree_msgs/msg/_status_s.c.o[0m
[ 85%] [32mBuilding C object CMakeFiles/behavior_tree_msgs__rosidl_generator_py.dir/rosidl_generator_py/behavior_tree_msgs/msg/_behavior_tree_command_s.c.o[0m
[ 87%] [32mBuilding C object CMakeFiles/behavior_tree_msgs__rosidl_generator_py.dir/rosidl_generator_py/behavior_tree_msgs/msg/_behavior_tree_commands_s.c.o[0m
[ 89%] [32m[1mLinking C shared library rosidl_generator_py/behavior_tree_msgs/libbehavior_tree_msgs__rosidl_generator_py.so[0m
[ 89%] Built target behavior_tree_msgs__rosidl_generator_py
[ 92%] [32mBuilding C object CMakeFiles/behavior_tree_msgs__rosidl_typesupport_fastrtps_c__pyext.dir/rosidl_generator_py/behavior_tree_msgs/_behavior_tree_msgs_s.ep.rosidl_typesupport_fastrtps_c.c.o[0m
[ 94%] [32mBuilding C object CMakeFiles/behavior_tree_msgs__rosidl_typesupport_introspection_c__pyext.dir/rosidl_generator_py/behavior_tree_msgs/_behavior_tree_msgs_s.ep.rosidl_typesupport_introspection_c.c.o[0m
[ 94%] [32mBuilding C object CMakeFiles/behavior_tree_msgs__rosidl_typesupport_c__pyext.dir/rosidl_generator_py/behavior_tree_msgs/_behavior_tree_msgs_s.ep.rosidl_typesupport_c.c.o[0m
[100%] [32m[1mLinking C shared library rosidl_generator_py/behavior_tree_msgs/behavior_tree_msgs_s__rosidl_typesupport_c.cpython-310-x86_64-linux-gnu.so[0m
[100%] [32m[1mLinking C shared library rosidl_generator_py/behavior_tree_msgs/behavior_tree_msgs_s__rosidl_typesupport_fastrtps_c.cpython-310-x86_64-linux-gnu.so[0m
[100%] [32m[1mLinking C shared library rosidl_generator_py/behavior_tree_msgs/behavior_tree_msgs_s__rosidl_typesupport_introspection_c.cpython-310-x86_64-linux-gnu.so[0m
[100%] Built target behavior_tree_msgs__rosidl_typesupport_fastrtps_c__pyext
[100%] Built target behavior_tree_msgs__rosidl_typesupport_c__pyext
[100%] Built target behavior_tree_msgs__rosidl_typesupport_introspection_c__pyext
-- Install configuration: ""
-- Execute custom install script
-- Symlinking: /workspace/install/behavior_tree_msgs/share/ament_index/resource_index/rosidl_interfaces/behavior_tree_msgs
-- Symlinking: /workspace/install/behavior_tree_msgs/include/behavior_tree_msgs/behavior_tree_msgs/msg/active.h
-- Symlinking: /workspace/install/behavior_tree_msgs/include/behavior_tree_msgs/behavior_tree_msgs/msg/behavior_tree_command.h
-- Symlinking: /workspace/install/behavior_tree_msgs/include/behavior_tree_msgs/behavior_tree_msgs/msg/behavior_tree_commands.h
-- Symlinking: /workspace/install/behavior_tree_msgs/include/behavior_tree_msgs/behavior_tree_msgs/msg/detail/active__functions.h
-- Symlinking: /workspace/install/behavior_tree_msgs/include/behavior_tree_msgs/behavior_tree_msgs/msg/detail/active__struct.h
-- Symlinking: /workspace/install/behavior_tree_msgs/include/behavior_tree_msgs/behavior_tree_msgs/msg/detail/active__type_support.h
-- Symlinking: /workspace/install/behavior_tree_msgs/include/behavior_tree_msgs/behavior_tree_msgs/msg/detail/behavior_tree_command__functions.h
-- Symlinking: /workspace/install/behavior_tree_msgs/include/behavior_tree_msgs/behavior_tree_msgs/msg/detail/behavior_tree_command__struct.h
-- Symlinking: /workspace/install/behavior_tree_msgs/include/behavior_tree_msgs/behavior_tree_msgs/msg/detail/behavior_tree_command__type_support.h
-- Symlinking: /workspace/install/behavior_tree_msgs/include/behavior_tree_msgs/behavior_tree_msgs/msg/detail/behavior_tree_commands__functions.h
-- Symlinking: /workspace/install/behavior_tree_msgs/include/behavior_tree_msgs/behavior_tree_msgs/msg/detail/behavior_tree_commands__struct.h
-- Symlinking: /workspace/install/behavior_tree_msgs/include/behavior_tree_msgs/behavior_tree_msgs/msg/detail/behavior_tree_commands__type_support.h
-- Symlinking: /workspace/install/behavior_tree_msgs/include/behavior_tree_msgs/behavior_tree_msgs/msg/detail/status__functions.h
-- Symlinking: /workspace/install/behavior_tree_msgs/include/behavior_tree_msgs/behavior_tree_msgs/msg/detail/status__struct.h
-- Symlinking: /workspace/install/behavior_tree_msgs/include/behavior_tree_msgs/behavior_tree_msgs/msg/detail/status__type_support.h
-- Symlinking: /workspace/install/behavior_tree_msgs/include/behavior_tree_msgs/behavior_tree_msgs/msg/rosidl_generator_c__visibility_control.h
-- Symlinking: /workspace/install/behavior_tree_msgs/include/behavior_tree_msgs/behavior_tree_msgs/msg/status.h
-- Symlinking: /workspace/install/behavior_tree_msgs/share/behavior_tree_msgs/environment/library_path.sh
-- Symlinking: /workspace/install/behavior_tree_msgs/share/behavior_tree_msgs/environment/library_path.dsv
-- Symlinking: /workspace/install/behavior_tree_msgs/include/behavior_tree_msgs/behavior_tree_msgs/msg/detail/active__rosidl_typesupport_fastrtps_c.h
-- Symlinking: /workspace/install/behavior_tree_msgs/include/behavior_tree_msgs/behavior_tree_msgs/msg/detail/behavior_tree_command__rosidl_typesupport_fastrtps_c.h
-- Symlinking: /workspace/install/behavior_tree_msgs/include/behavior_tree_msgs/behavior_tree_msgs/msg/detail/behavior_tree_commands__rosidl_typesupport_fastrtps_c.h
-- Symlinking: /workspace/install/behavior_tree_msgs/include/behavior_tree_msgs/behavior_tree_msgs/msg/detail/status__rosidl_typesupport_fastrtps_c.h
-- Symlinking: /workspace/install/behavior_tree_msgs/include/behavior_tree_msgs/behavior_tree_msgs/msg/rosidl_typesupport_fastrtps_c__visibility_control.h
-- Symlinking: /workspace/install/behavior_tree_msgs/include/behavior_tree_msgs/behavior_tree_msgs/msg/active.hpp
-- Symlinking: /workspace/install/behavior_tree_msgs/include/behavior_tree_msgs/behavior_tree_msgs/msg/behavior_tree_command.hpp
-- Symlinking: /workspace/install/behavior_tree_msgs/include/behavior_tree_msgs/behavior_tree_msgs/msg/behavior_tree_commands.hpp
-- Symlinking: /workspace/install/behavior_tree_msgs/include/behavior_tree_msgs/behavior_tree_msgs/msg/detail/active__builder.hpp
-- Symlinking: /workspace/install/behavior_tree_msgs/include/behavior_tree_msgs/behavior_tree_msgs/msg/detail/active__struct.hpp
-- Symlinking: /workspace/install/behavior_tree_msgs/include/behavior_tree_msgs/behavior_tree_msgs/msg/detail/active__traits.hpp
-- Symlinking: /workspace/install/behavior_tree_msgs/include/behavior_tree_msgs/behavior_tree_msgs/msg/detail/behavior_tree_command__builder.hpp
-- Symlinking: /workspace/install/behavior_tree_msgs/include/behavior_tree_msgs/behavior_tree_msgs/msg/detail/behavior_tree_command__struct.hpp
-- Symlinking: /workspace/install/behavior_tree_msgs/include/behavior_tree_msgs/behavior_tree_msgs/msg/detail/behavior_tree_command__traits.hpp
-- Symlinking: /workspace/install/behavior_tree_msgs/include/behavior_tree_msgs/behavior_tree_msgs/msg/detail/behavior_tree_commands__builder.hpp
-- Symlinking: /workspace/install/behavior_tree_msgs/include/behavior_tree_msgs/behavior_tree_msgs/msg/detail/behavior_tree_commands__struct.hpp
-- Symlinking: /workspace/install/behavior_tree_msgs/include/behavior_tree_msgs/behavior_tree_msgs/msg/detail/behavior_tree_commands__traits.hpp
-- Symlinking: /workspace/install/behavior_tree_msgs/include/behavior_tree_msgs/behavior_tree_msgs/msg/detail/status__builder.hpp
-- Symlinking: /workspace/install/behavior_tree_msgs/include/behavior_tree_msgs/behavior_tree_msgs/msg/detail/status__struct.hpp
-- Symlinking: /workspace/install/behavior_tree_msgs/include/behavior_tree_msgs/behavior_tree_msgs/msg/detail/status__traits.hpp
-- Symlinking: /workspace/install/behavior_tree_msgs/include/behavior_tree_msgs/behavior_tree_msgs/msg/status.hpp
-- Symlinking: /workspace/install/behavior_tree_msgs/include/behavior_tree_msgs/behavior_tree_msgs/msg/detail/active__rosidl_typesupport_fastrtps_cpp.hpp
-- Symlinking: /workspace/install/behavior_tree_msgs/include/behavior_tree_msgs/behavior_tree_msgs/msg/detail/behavior_tree_command__rosidl_typesupport_fastrtps_cpp.hpp
-- Symlinking: /workspace/install/behavior_tree_msgs/include/behavior_tree_msgs/behavior_tree_msgs/msg/detail/behavior_tree_commands__rosidl_typesupport_fastrtps_cpp.hpp
-- Symlinking: /workspace/install/behavior_tree_msgs/include/behavior_tree_msgs/behavior_tree_msgs/msg/detail/status__rosidl_typesupport_fastrtps_cpp.hpp
-- Symlinking: /workspace/install/behavior_tree_msgs/include/behavior_tree_msgs/behavior_tree_msgs/msg/rosidl_typesupport_fastrtps_cpp__visibility_control.h
-- Symlinking: /workspace/install/behavior_tree_msgs/include/behavior_tree_msgs/behavior_tree_msgs/msg/detail/active__rosidl_typesupport_introspection_c.h
-- Symlinking: /workspace/install/behavior_tree_msgs/include/behavior_tree_msgs/behavior_tree_msgs/msg/detail/behavior_tree_command__rosidl_typesupport_introspection_c.h
-- Symlinking: /workspace/install/behavior_tree_msgs/include/behavior_tree_msgs/behavior_tree_msgs/msg/detail/behavior_tree_commands__rosidl_typesupport_introspection_c.h
-- Symlinking: /workspace/install/behavior_tree_msgs/include/behavior_tree_msgs/behavior_tree_msgs/msg/detail/status__rosidl_typesupport_introspection_c.h
-- Symlinking: /workspace/install/behavior_tree_msgs/include/behavior_tree_msgs/behavior_tree_msgs/msg/rosidl_typesupport_introspection_c__visibility_control.h
-- Symlinking: /workspace/install/behavior_tree_msgs/include/behavior_tree_msgs/behavior_tree_msgs/msg/detail/active__rosidl_typesupport_introspection_cpp.hpp
-- Symlinking: /workspace/install/behavior_tree_msgs/include/behavior_tree_msgs/behavior_tree_msgs/msg/detail/behavior_tree_command__rosidl_typesupport_introspection_cpp.hpp
-- Symlinking: /workspace/install/behavior_tree_msgs/include/behavior_tree_msgs/behavior_tree_msgs/msg/detail/behavior_tree_commands__rosidl_typesupport_introspection_cpp.hpp
-- Symlinking: /workspace/install/behavior_tree_msgs/include/behavior_tree_msgs/behavior_tree_msgs/msg/detail/status__rosidl_typesupport_introspection_cpp.hpp
-- Symlinking: /workspace/install/behavior_tree_msgs/share/behavior_tree_msgs/environment/pythonpath.sh
-- Symlinking: /workspace/install/behavior_tree_msgs/share/behavior_tree_msgs/environment/pythonpath.dsv
-- Symlinking: /workspace/install/behavior_tree_msgs/local/lib/python3.10/dist-packages/behavior_tree_msgs-0.0.0-py3.10.egg-info/PKG-INFO
-- Symlinking: /workspace/install/behavior_tree_msgs/local/lib/python3.10/dist-packages/behavior_tree_msgs-0.0.0-py3.10.egg-info/SOURCES.txt
-- Symlinking: /workspace/install/behavior_tree_msgs/local/lib/python3.10/dist-packages/behavior_tree_msgs-0.0.0-py3.10.egg-info/dependency_links.txt
-- Symlinking: /workspace/install/behavior_tree_msgs/local/lib/python3.10/dist-packages/behavior_tree_msgs-0.0.0-py3.10.egg-info/top_level.txt
-- Symlinking: /workspace/install/behavior_tree_msgs/local/lib/python3.10/dist-packages/behavior_tree_msgs/__init__.py
-- Symlinking: /workspace/install/behavior_tree_msgs/local/lib/python3.10/dist-packages/behavior_tree_msgs/_behavior_tree_msgs_s.ep.rosidl_typesupport_c.c
-- Symlinking: /workspace/install/behavior_tree_msgs/local/lib/python3.10/dist-packages/behavior_tree_msgs/_behavior_tree_msgs_s.ep.rosidl_typesupport_fastrtps_c.c
-- Symlinking: /workspace/install/behavior_tree_msgs/local/lib/python3.10/dist-packages/behavior_tree_msgs/_behavior_tree_msgs_s.ep.rosidl_typesupport_introspection_c.c
-- Symlinking: /workspace/install/behavior_tree_msgs/local/lib/python3.10/dist-packages/behavior_tree_msgs/behavior_tree_msgs_s__rosidl_typesupport_c.cpython-310-x86_64-linux-gnu.so
-- Symlinking: /workspace/install/behavior_tree_msgs/local/lib/python3.10/dist-packages/behavior_tree_msgs/behavior_tree_msgs_s__rosidl_typesupport_fastrtps_c.cpython-310-x86_64-linux-gnu.so
-- Symlinking: /workspace/install/behavior_tree_msgs/local/lib/python3.10/dist-packages/behavior_tree_msgs/behavior_tree_msgs_s__rosidl_typesupport_introspection_c.cpython-310-x86_64-linux-gnu.so
-- Symlinking: /workspace/install/behavior_tree_msgs/local/lib/python3.10/dist-packages/behavior_tree_msgs/libbehavior_tree_msgs__rosidl_generator_py.so
-- Symlinking: /workspace/install/behavior_tree_msgs/local/lib/python3.10/dist-packages/behavior_tree_msgs/msg/__init__.py
-- Symlinking: /workspace/install/behavior_tree_msgs/local/lib/python3.10/dist-packages/behavior_tree_msgs/msg/_active.py
-- Symlinking: /workspace/install/behavior_tree_msgs/local/lib/python3.10/dist-packages/behavior_tree_msgs/msg/_active_s.c
-- Symlinking: /workspace/install/behavior_tree_msgs/local/lib/python3.10/dist-packages/behavior_tree_msgs/msg/_behavior_tree_command.py
-- Symlinking: /workspace/install/behavior_tree_msgs/local/lib/python3.10/dist-packages/behavior_tree_msgs/msg/_behavior_tree_command_s.c
-- Symlinking: /workspace/install/behavior_tree_msgs/local/lib/python3.10/dist-packages/behavior_tree_msgs/msg/_behavior_tree_commands.py
-- Symlinking: /workspace/install/behavior_tree_msgs/local/lib/python3.10/dist-packages/behavior_tree_msgs/msg/_behavior_tree_commands_s.c
-- Symlinking: /workspace/install/behavior_tree_msgs/local/lib/python3.10/dist-packages/behavior_tree_msgs/msg/_status.py
-- Symlinking: /workspace/install/behavior_tree_msgs/local/lib/python3.10/dist-packages/behavior_tree_msgs/msg/_status_s.c
-- Up-to-date symlink: /workspace/install/behavior_tree_msgs/local/lib/python3.10/dist-packages/behavior_tree_msgs/behavior_tree_msgs_s__rosidl_typesupport_fastrtps_c.cpython-310-x86_64-linux-gnu.so
-- Up-to-date symlink: /workspace/install/behavior_tree_msgs/local/lib/python3.10/dist-packages/behavior_tree_msgs/behavior_tree_msgs_s__rosidl_typesupport_introspection_c.cpython-310-x86_64-linux-gnu.so
-- Up-to-date symlink: /workspace/install/behavior_tree_msgs/local/lib/python3.10/dist-packages/behavior_tree_msgs/behavior_tree_msgs_s__rosidl_typesupport_c.cpython-310-x86_64-linux-gnu.so
-- Symlinking: /workspace/install/behavior_tree_msgs/share/behavior_tree_msgs/msg/Active.idl
-- Symlinking: /workspace/install/behavior_tree_msgs/share/behavior_tree_msgs/msg/Status.idl
-- Symlinking: /workspace/install/behavior_tree_msgs/share/behavior_tree_msgs/msg/BehaviorTreeCommand.idl
-- Symlinking: /workspace/install/behavior_tree_msgs/share/behavior_tree_msgs/msg/BehaviorTreeCommands.idl
-- Symlinking: /workspace/install/behavior_tree_msgs/share/behavior_tree_msgs/msg/Active.msg
-- Symlinking: /workspace/install/behavior_tree_msgs/share/behavior_tree_msgs/msg/Status.msg
-- Symlinking: /workspace/install/behavior_tree_msgs/share/behavior_tree_msgs/msg/BehaviorTreeCommand.msg
-- Symlinking: /workspace/install/behavior_tree_msgs/share/behavior_tree_msgs/msg/BehaviorTreeCommands.msg
-- Symlinking: /workspace/install/behavior_tree_msgs/share/ament_index/resource_index/package_run_dependencies/behavior_tree_msgs
-- Symlinking: /workspace/install/behavior_tree_msgs/share/ament_index/resource_index/parent_prefix_path/behavior_tree_msgs
-- Symlinking: /workspace/install/behavior_tree_msgs/share/behavior_tree_msgs/environment/ament_prefix_path.sh
-- Symlinking: /workspace/install/behavior_tree_msgs/share/behavior_tree_msgs/environment/ament_prefix_path.dsv
-- Symlinking: /workspace/install/behavior_tree_msgs/share/behavior_tree_msgs/environment/path.sh
-- Symlinking: /workspace/install/behavior_tree_msgs/share/behavior_tree_msgs/environment/path.dsv
-- Symlinking: /workspace/install/behavior_tree_msgs/share/behavior_tree_msgs/local_setup.bash
-- Symlinking: /workspace/install/behavior_tree_msgs/share/behavior_tree_msgs/local_setup.sh
-- Symlinking: /workspace/install/behavior_tree_msgs/share/behavior_tree_msgs/local_setup.zsh
-- Symlinking: /workspace/install/behavior_tree_msgs/share/behavior_tree_msgs/local_setup.dsv
-- Symlinking: /workspace/install/behavior_tree_msgs/share/behavior_tree_msgs/package.dsv
-- Symlinking: /workspace/install/behavior_tree_msgs/share/ament_index/resource_index/packages/behavior_tree_msgs
-- Symlinking: /workspace/install/behavior_tree_msgs/share/behavior_tree_msgs/cmake/rosidl_cmake-extras.cmake
-- Symlinking: /workspace/install/behavior_tree_msgs/share/behavior_tree_msgs/cmake/ament_cmake_export_dependencies-extras.cmake
-- Symlinking: /workspace/install/behavior_tree_msgs/share/behavior_tree_msgs/cmake/ament_cmake_export_include_directories-extras.cmake
-- Symlinking: /workspace/install/behavior_tree_msgs/share/behavior_tree_msgs/cmake/ament_cmake_export_libraries-extras.cmake
-- Symlinking: /workspace/install/behavior_tree_msgs/share/behavior_tree_msgs/cmake/ament_cmake_export_targets-extras.cmake
-- Symlinking: /workspace/install/behavior_tree_msgs/share/behavior_tree_msgs/cmake/rosidl_cmake_export_typesupport_targets-extras.cmake
-- Symlinking: /workspace/install/behavior_tree_msgs/share/behavior_tree_msgs/cmake/rosidl_cmake_export_typesupport_libraries-extras.cmake
-- Symlinking: /workspace/install/behavior_tree_msgs/share/behavior_tree_msgs/cmake/behavior_tree_msgsConfig.cmake
-- Symlinking: /workspace/install/behavior_tree_msgs/share/behavior_tree_msgs/cmake/behavior_tree_msgsConfig-version.cmake
-- Symlinking: /workspace/install/behavior_tree_msgs/share/behavior_tree_msgs/package.xml
-- Installing: /workspace/install/behavior_tree_msgs/lib/libbehavior_tree_msgs__rosidl_generator_c.so
-- Set runtime path of "/workspace/install/behavior_tree_msgs/lib/libbehavior_tree_msgs__rosidl_generator_c.so" to ""
-- Installing: /workspace/install/behavior_tree_msgs/lib/libbehavior_tree_msgs__rosidl_typesupport_fastrtps_c.so
-- Set runtime path of "/workspace/install/behavior_tree_msgs/lib/libbehavior_tree_msgs__rosidl_typesupport_fastrtps_c.so" to ""
-- Installing: /workspace/install/behavior_tree_msgs/lib/libbehavior_tree_msgs__rosidl_typesupport_fastrtps_cpp.so
-- Set runtime path of "/workspace/install/behavior_tree_msgs/lib/libbehavior_tree_msgs__rosidl_typesupport_fastrtps_cpp.so" to ""
-- Installing: /workspace/install/behavior_tree_msgs/lib/libbehavior_tree_msgs__rosidl_typesupport_introspection_c.so
-- Set runtime path of "/workspace/install/behavior_tree_msgs/lib/libbehavior_tree_msgs__rosidl_typesupport_introspection_c.so" to ""
-- Installing: /workspace/install/behavior_tree_msgs/lib/libbehavior_tree_msgs__rosidl_typesupport_c.so
-- Set runtime path of "/workspace/install/behavior_tree_msgs/lib/libbehavior_tree_msgs__rosidl_typesupport_c.so" to ""
-- Installing: /workspace/install/behavior_tree_msgs/lib/libbehavior_tree_msgs__rosidl_typesupport_introspection_cpp.so
-- Set runtime path of "/workspace/install/behavior_tree_msgs/lib/libbehavior_tree_msgs__rosidl_typesupport_introspection_cpp.so" to ""
-- Installing: /workspace/install/behavior_tree_msgs/lib/libbehavior_tree_msgs__rosidl_typesupport_cpp.so
-- Set runtime path of "/workspace/install/behavior_tree_msgs/lib/libbehavior_tree_msgs__rosidl_typesupport_cpp.so" to ""
Listing '/workspace/install/behavior_tree_msgs/local/lib/python3.10/dist-packages/behavior_tree_msgs'...
Compiling '/workspace/install/behavior_tree_msgs/local/lib/python3.10/dist-packages/behavior_tree_msgs/__init__.py'...
Listing '/workspace/install/behavior_tree_msgs/local/lib/python3.10/dist-packages/behavior_tree_msgs/msg'...
Compiling '/workspace/install/behavior_tree_msgs/local/lib/python3.10/dist-packages/behavior_tree_msgs/msg/__init__.py'...
Compiling '/workspace/install/behavior_tree_msgs/local/lib/python3.10/dist-packages/behavior_tree_msgs/msg/_active.py'...
Compiling '/workspace/install/behavior_tree_msgs/local/lib/python3.10/dist-packages/behavior_tree_msgs/msg/_behavior_tree_command.py'...
Compiling '/workspace/install/behavior_tree_msgs/local/lib/python3.10/dist-packages/behavior_tree_msgs/msg/_behavior_tree_commands.py'...
Compiling '/workspace/install/behavior_tree_msgs/local/lib/python3.10/dist-packages/behavior_tree_msgs/msg/_status.py'...
-- Installing: /workspace/install/behavior_tree_msgs/lib/libbehavior_tree_msgs__rosidl_generator_py.so
-- Set runtime path of "/workspace/install/behavior_tree_msgs/lib/libbehavior_tree_msgs__rosidl_generator_py.so" to ""
-- Installing: /workspace/install/behavior_tree_msgs/share/behavior_tree_msgs/cmake/export_behavior_tree_msgs__rosidl_generator_cExport.cmake
-- Installing: /workspace/install/behavior_tree_msgs/share/behavior_tree_msgs/cmake/export_behavior_tree_msgs__rosidl_generator_cExport-noconfig.cmake
-- Installing: /workspace/install/behavior_tree_msgs/share/behavior_tree_msgs/cmake/export_behavior_tree_msgs__rosidl_typesupport_fastrtps_cExport.cmake
-- Installing: /workspace/install/behavior_tree_msgs/share/behavior_tree_msgs/cmake/export_behavior_tree_msgs__rosidl_typesupport_fastrtps_cExport-noconfig.cmake
-- Installing: /workspace/install/behavior_tree_msgs/share/behavior_tree_msgs/cmake/export_behavior_tree_msgs__rosidl_generator_cppExport.cmake
-- Installing: /workspace/install/behavior_tree_msgs/share/behavior_tree_msgs/cmake/export_behavior_tree_msgs__rosidl_typesupport_fastrtps_cppExport.cmake
-- Installing: /workspace/install/behavior_tree_msgs/share/behavior_tree_msgs/cmake/export_behavior_tree_msgs__rosidl_typesupport_fastrtps_cppExport-noconfig.cmake
-- Installing: /workspace/install/behavior_tree_msgs/share/behavior_tree_msgs/cmake/behavior_tree_msgs__rosidl_typesupport_introspection_cExport.cmake
-- Installing: /workspace/install/behavior_tree_msgs/share/behavior_tree_msgs/cmake/behavior_tree_msgs__rosidl_typesupport_introspection_cExport-noconfig.cmake
-- Installing: /workspace/install/behavior_tree_msgs/share/behavior_tree_msgs/cmake/behavior_tree_msgs__rosidl_typesupport_cExport.cmake
-- Installing: /workspace/install/behavior_tree_msgs/share/behavior_tree_msgs/cmake/behavior_tree_msgs__rosidl_typesupport_cExport-noconfig.cmake
-- Installing: /workspace/install/behavior_tree_msgs/share/behavior_tree_msgs/cmake/behavior_tree_msgs__rosidl_typesupport_introspection_cppExport.cmake
-- Installing: /workspace/install/behavior_tree_msgs/share/behavior_tree_msgs/cmake/behavior_tree_msgs__rosidl_typesupport_introspection_cppExport-noconfig.cmake
-- Installing: /workspace/install/behavior_tree_msgs/share/behavior_tree_msgs/cmake/behavior_tree_msgs__rosidl_typesupport_cppExport.cmake
-- Installing: /workspace/install/behavior_tree_msgs/share/behavior_tree_msgs/cmake/behavior_tree_msgs__rosidl_typesupport_cppExport-noconfig.cmake
-- Installing: /workspace/install/behavior_tree_msgs/share/behavior_tree_msgs/cmake/export_behavior_tree_msgs__rosidl_generator_pyExport.cmake
-- Installing: /workspace/install/behavior_tree_msgs/share/behavior_tree_msgs/cmake/export_behavior_tree_msgs__rosidl_generator_pyExport-noconfig.cmake
