running develop
running egg_info
creating src/rqt_behavior_tree.egg-info
writing src/rqt_behavior_tree.egg-info/PKG-INFO
writing dependency_links to src/rqt_behavior_tree.egg-info/dependency_links.txt
writing entry points to src/rqt_behavior_tree.egg-info/entry_points.txt
writing requirements to src/rqt_behavior_tree.egg-info/requires.txt
writing top-level names to src/rqt_behavior_tree.egg-info/top_level.txt
writing manifest file 'src/rqt_behavior_tree.egg-info/SOURCES.txt'
reading manifest file 'src/rqt_behavior_tree.egg-info/SOURCES.txt'
writing manifest file 'src/rqt_behavior_tree.egg-info/SOURCES.txt'
running build_ext
Creating /workspace/install/rqt_behavior_tree/lib/python3.10/site-packages/rqt-behavior-tree.egg-link (link to src)
Installing rqt_behavior_tree script to /workspace/install/rqt_behavior_tree/lib/rqt_behavior_tree

Installed /workspace/build/rqt_behavior_tree/src
running symlink_data
creating /workspace/install/rqt_behavior_tree/share/ament_index
creating /workspace/install/rqt_behavior_tree/share/ament_index/resource_index
creating /workspace/install/rqt_behavior_tree/share/ament_index/resource_index/packages
symbolically linking /workspace/build/rqt_behavior_tree/resource/rqt_behavior_tree -> /workspace/install/rqt_behavior_tree/share/ament_index/resource_index/packages
creating /workspace/install/rqt_behavior_tree/share/rqt_behavior_tree/resource
symbolically linking /workspace/build/rqt_behavior_tree/resource/py_console_widget.ui -> /workspace/install/rqt_behavior_tree/share/rqt_behavior_tree/resource
symbolically linking /workspace/build/rqt_behavior_tree/package.xml -> /workspace/install/rqt_behavior_tree/share/rqt_behavior_tree
symbolically linking /workspace/build/rqt_behavior_tree/plugin.xml -> /workspace/install/rqt_behavior_tree/share/rqt_behavior_tree
